TN:
SF:src\index.js
FN:38,initializeDatabase
FN:41,(anonymous_1)
FN:86,(anonymous_2)
FN:102,(anonymous_3)
FN:126,(anonymous_4)
FN:157,(anonymous_5)
FN:162,(anonymous_6)
FN:168,(anonymous_7)
FN:173,(anonymous_8)
FN:179,(anonymous_9)
FNF:10
FNH:5
FNDA:11,initializeDatabase
FNDA:11,(anonymous_1)
FNDA:361,(anonymous_2)
FNDA:1,(anonymous_3)
FNDA:0,(anonymous_4)
FNDA:0,(anonymous_5)
FNDA:0,(anonymous_6)
FNDA:0,(anonymous_7)
FNDA:0,(anonymous_8)
FNDA:11,(anonymous_9)
DA:1,11
DA:2,11
DA:3,11
DA:4,11
DA:5,11
DA:6,11
DA:9,11
DA:10,11
DA:11,11
DA:12,11
DA:13,11
DA:16,11
DA:17,11
DA:18,11
DA:19,11
DA:20,11
DA:21,11
DA:22,11
DA:23,11
DA:24,11
DA:25,11
DA:26,11
DA:29,11
DA:32,11
DA:35,11
DA:39,11
DA:41,11
DA:44,10
DA:46,10
DA:47,8
DA:48,8
DA:50,2
DA:53,0
DA:59,11
DA:62,11
DA:75,11
DA:78,11
DA:81,11
DA:82,0
DA:84,11
DA:86,361
DA:92,11
DA:93,11
DA:96,11
DA:99,11
DA:102,11
DA:103,1
DA:126,11
DA:127,0
DA:138,11
DA:139,11
DA:140,11
DA:141,11
DA:142,11
DA:143,11
DA:144,11
DA:145,11
DA:146,11
DA:147,11
DA:148,11
DA:151,11
DA:154,11
DA:157,11
DA:158,0
DA:159,0
DA:162,11
DA:163,0
DA:164,0
DA:168,11
DA:169,0
DA:170,0
DA:173,11
DA:174,0
DA:175,0
DA:179,11
DA:180,11
DA:181,11
DA:182,11
DA:183,11
DA:187,11
DA:189,11
LF:81
LH:70
BRDA:46,0,0,8
BRDA:46,0,1,2
BRDA:81,1,0,0
BRDA:81,1,1,11
BRF:4
BRH:3
end_of_record
TN:
SF:src\config\db.js
FN:5,(anonymous_0)
FN:14,(anonymous_1)
FN:18,(anonymous_2)
FN:22,(anonymous_3)
FNF:4
FNH:2
FNDA:11,(anonymous_0)
FNDA:0,(anonymous_1)
FNDA:11,(anonymous_2)
FNDA:0,(anonymous_3)
DA:1,11
DA:2,11
DA:3,11
DA:5,11
DA:6,11
DA:7,11
DA:8,11
DA:14,11
DA:15,0
DA:18,11
DA:19,11
DA:22,11
DA:23,0
DA:27,0
DA:28,0
DA:32,11
LF:16
LH:12
BRF:0
BRH:0
end_of_record
TN:
SF:src\config\environment.js
FNF:0
FNH:0
DA:1,11
DA:3,11
DA:51,11
LF:3
LH:3
BRDA:5,0,0,11
BRDA:5,0,1,0
BRDA:6,1,0,11
BRDA:6,1,1,0
BRDA:10,2,0,11
BRDA:10,2,1,0
BRDA:22,3,0,11
BRDA:22,3,1,0
BRDA:23,4,0,11
BRDA:23,4,1,0
BRDA:24,5,0,11
BRDA:24,5,1,0
BRDA:25,6,0,11
BRDA:25,6,1,0
BRDA:30,7,0,11
BRDA:30,7,1,0
BRDA:38,8,0,0
BRDA:38,8,1,11
BRDA:46,9,0,11
BRDA:46,9,1,0
BRDA:47,10,0,11
BRDA:47,10,1,11
BRF:22
BRH:12
end_of_record
TN:
SF:src\controllers\Event.Controller.js
FN:8,(anonymous_0)
FN:27,(anonymous_1)
FN:36,(anonymous_2)
FN:46,(anonymous_3)
FN:58,(anonymous_4)
FN:69,(anonymous_5)
FN:79,(anonymous_6)
FN:89,(anonymous_7)
FN:98,(anonymous_8)
FN:112,(anonymous_9)
FNF:10
FNH:0
FNDA:0,(anonymous_0)
FNDA:0,(anonymous_1)
FNDA:0,(anonymous_2)
FNDA:0,(anonymous_3)
FNDA:0,(anonymous_4)
FNDA:0,(anonymous_5)
FNDA:0,(anonymous_6)
FNDA:0,(anonymous_7)
FNDA:0,(anonymous_8)
FNDA:0,(anonymous_9)
DA:1,11
DA:2,11
DA:3,11
DA:8,11
DA:9,0
DA:20,0
DA:21,0
DA:27,11
DA:28,0
DA:29,0
DA:30,0
DA:36,11
DA:37,0
DA:38,0
DA:39,0
DA:40,0
DA:46,11
DA:47,0
DA:48,0
DA:49,0
DA:50,0
DA:51,0
DA:52,0
DA:58,11
DA:59,0
DA:60,0
DA:61,0
DA:62,0
DA:63,0
DA:69,11
DA:70,0
DA:71,0
DA:72,0
DA:73,0
DA:79,11
DA:80,0
DA:81,0
DA:82,0
DA:83,0
DA:89,11
DA:90,0
DA:91,0
DA:92,0
DA:98,11
DA:99,0
DA:101,0
DA:102,0
DA:105,0
DA:106,0
DA:112,11
DA:113,0
DA:114,0
LF:52
LH:13
BRDA:10,0,0,0
BRDA:10,0,1,0
BRDA:11,1,0,0
BRDA:11,1,1,0
BRDA:16,2,0,0
BRDA:16,2,1,0
BRDA:17,3,0,0
BRDA:17,3,1,0
BRDA:90,4,0,0
BRDA:90,4,1,0
BRDA:101,5,0,0
BRDA:101,5,1,0
BRDA:101,6,0,0
BRDA:101,6,1,0
BRF:14
BRH:0
end_of_record
TN:
SF:src\controllers\cart.Controller.js
FN:8,(anonymous_0)
FN:17,(anonymous_1)
FN:32,(anonymous_2)
FN:48,(anonymous_3)
FN:59,(anonymous_4)
FN:68,(anonymous_5)
FN:77,(anonymous_6)
FNF:7
FNH:5
FNDA:1,(anonymous_0)
FNDA:15,(anonymous_1)
FNDA:3,(anonymous_2)
FNDA:2,(anonymous_3)
FNDA:0,(anonymous_4)
FNDA:0,(anonymous_5)
FNDA:1,(anonymous_6)
DA:1,11
DA:2,11
DA:3,11
DA:8,11
DA:9,1
DA:10,1
DA:11,1
DA:17,11
DA:18,15
DA:19,15
DA:21,15
DA:22,0
DA:25,15
DA:26,12
DA:32,11
DA:33,3
DA:34,3
DA:35,3
DA:37,3
DA:38,0
DA:41,3
DA:42,2
DA:48,11
DA:49,2
DA:50,2
DA:52,2
DA:53,2
DA:59,11
DA:60,0
DA:61,0
DA:62,0
DA:68,11
DA:69,0
DA:70,0
DA:71,0
DA:77,11
DA:78,1
DA:79,1
DA:80,1
LF:39
LH:31
BRDA:19,0,0,0
BRDA:21,1,0,0
BRDA:21,1,1,15
BRDA:37,2,0,0
BRDA:37,2,1,3
BRF:5
BRH:2
end_of_record
TN:
SF:src\controllers\chat.Controller.js
FN:9,(anonymous_0)
FN:21,(anonymous_1)
FN:32,(anonymous_2)
FN:48,(anonymous_3)
FN:65,(anonymous_4)
FN:89,(anonymous_5)
FN:109,(anonymous_6)
FN:126,(anonymous_7)
FN:135,(anonymous_8)
FN:146,(anonymous_9)
FN:157,(anonymous_10)
FN:173,(anonymous_11)
FN:194,(anonymous_12)
FN:209,(anonymous_13)
FNF:14
FNH:0
FNDA:0,(anonymous_0)
FNDA:0,(anonymous_1)
FNDA:0,(anonymous_2)
FNDA:0,(anonymous_3)
FNDA:0,(anonymous_4)
FNDA:0,(anonymous_5)
FNDA:0,(anonymous_6)
FNDA:0,(anonymous_7)
FNDA:0,(anonymous_8)
FNDA:0,(anonymous_9)
FNDA:0,(anonymous_10)
FNDA:0,(anonymous_11)
FNDA:0,(anonymous_12)
FNDA:0,(anonymous_13)
DA:1,11
DA:2,11
DA:3,11
DA:4,11
DA:9,11
DA:10,0
DA:11,0
DA:13,0
DA:15,0
DA:21,11
DA:22,0
DA:24,0
DA:26,0
DA:32,11
DA:33,0
DA:34,0
DA:36,0
DA:38,0
DA:39,0
DA:42,0
DA:48,11
DA:49,0
DA:50,0
DA:51,0
DA:53,0
DA:55,0
DA:56,0
DA:59,0
DA:65,11
DA:66,0
DA:67,0
DA:68,0
DA:70,0
DA:77,0
DA:79,0
DA:80,0
DA:83,0
DA:89,11
DA:90,0
DA:91,0
DA:93,0
DA:94,0
DA:97,0
DA:99,0
DA:100,0
DA:103,0
DA:109,11
DA:110,0
DA:111,0
DA:112,0
DA:114,0
DA:116,0
DA:117,0
DA:120,0
DA:126,11
DA:127,0
DA:129,0
DA:135,11
DA:136,0
DA:138,0
DA:140,0
DA:146,11
DA:147,0
DA:149,0
DA:151,0
DA:157,11
DA:158,0
DA:159,0
DA:161,0
DA:163,0
DA:164,0
DA:167,0
DA:173,11
DA:174,0
DA:175,0
DA:176,0
DA:178,0
DA:179,0
DA:182,0
DA:184,0
DA:185,0
DA:188,0
DA:194,11
DA:195,0
DA:197,0
DA:199,0
DA:200,0
DA:203,0
DA:209,11
DA:210,0
DA:211,0
DA:213,0
DA:220,0
DA:222,0
DA:223,0
DA:226,0
LF:96
LH:18
BRDA:38,0,0,0
BRDA:38,0,1,0
BRDA:55,1,0,0
BRDA:55,1,1,0
BRDA:67,2,0,0
BRDA:67,3,0,0
BRDA:79,4,0,0
BRDA:79,4,1,0
BRDA:93,5,0,0
BRDA:93,5,1,0
BRDA:99,6,0,0
BRDA:99,6,1,0
BRDA:116,7,0,0
BRDA:116,7,1,0
BRDA:136,8,0,0
BRDA:163,9,0,0
BRDA:163,9,1,0
BRDA:178,10,0,0
BRDA:178,10,1,0
BRDA:184,11,0,0
BRDA:184,11,1,0
BRDA:199,12,0,0
BRDA:199,12,1,0
BRDA:211,13,0,0
BRDA:211,14,0,0
BRDA:222,15,0,0
BRDA:222,15,1,0
BRF:27
BRH:0
end_of_record
TN:
SF:src\controllers\coupon.Controller.js
FN:9,(anonymous_0)
FN:21,(anonymous_1)
FN:40,(anonymous_2)
FN:55,(anonymous_3)
FN:72,(anonymous_4)
FN:88,(anonymous_5)
FN:113,(anonymous_6)
FN:134,(anonymous_7)
FN:148,(anonymous_8)
FN:160,(anonymous_9)
FN:171,(anonymous_10)
FNF:11
FNH:0
FNDA:0,(anonymous_0)
FNDA:0,(anonymous_1)
FNDA:0,(anonymous_2)
FNDA:0,(anonymous_3)
FNDA:0,(anonymous_4)
FNDA:0,(anonymous_5)
FNDA:0,(anonymous_6)
FNDA:0,(anonymous_7)
FNDA:0,(anonymous_8)
FNDA:0,(anonymous_9)
FNDA:0,(anonymous_10)
DA:1,11
DA:2,11
DA:3,11
DA:4,11
DA:9,11
DA:10,0
DA:11,0
DA:13,0
DA:15,0
DA:21,11
DA:22,0
DA:23,0
DA:25,0
DA:26,0
DA:28,0
DA:29,0
DA:32,0
DA:34,0
DA:40,11
DA:41,0
DA:43,0
DA:45,0
DA:46,0
DA:49,0
DA:55,11
DA:56,0
DA:57,0
DA:58,0
DA:60,0
DA:62,0
DA:63,0
DA:66,0
DA:72,11
DA:73,0
DA:74,0
DA:76,0
DA:78,0
DA:79,0
DA:82,0
DA:88,11
DA:89,0
DA:90,0
DA:91,0
DA:93,0
DA:94,0
DA:97,0
DA:98,0
DA:101,0
DA:103,0
DA:104,0
DA:107,0
DA:113,11
DA:114,0
DA:115,0
DA:116,0
DA:118,0
DA:119,0
DA:122,0
DA:124,0
DA:125,0
DA:128,0
DA:134,11
DA:135,0
DA:137,0
DA:142,0
DA:148,11
DA:149,0
DA:150,0
DA:152,0
DA:154,0
DA:160,11
DA:161,0
DA:163,0
DA:165,0
DA:171,11
DA:172,0
DA:174,0
DA:176,0
DA:177,0
DA:180,0
LF:80
LH:15
BRDA:25,0,0,0
BRDA:25,0,1,0
BRDA:28,1,0,0
BRDA:28,1,1,0
BRDA:45,2,0,0
BRDA:45,2,1,0
BRDA:62,3,0,0
BRDA:62,3,1,0
BRDA:78,4,0,0
BRDA:78,4,1,0
BRDA:93,5,0,0
BRDA:93,5,1,0
BRDA:97,6,0,0
BRDA:97,6,1,0
BRDA:103,7,0,0
BRDA:103,7,1,0
BRDA:118,8,0,0
BRDA:118,8,1,0
BRDA:118,9,0,0
BRDA:118,9,1,0
BRDA:118,9,2,0
BRDA:124,10,0,0
BRDA:124,10,1,0
BRDA:135,11,0,0
BRDA:138,12,0,0
BRDA:138,12,1,0
BRDA:150,13,0,0
BRDA:176,14,0,0
BRDA:176,14,1,0
BRF:29
BRH:0
end_of_record
TN:
SF:src\controllers\inventory.Controller.js
FN:9,(anonymous_0)
FN:21,(anonymous_1)
FN:32,(anonymous_2)
FN:46,(anonymous_3)
FN:62,(anonymous_4)
FN:73,(anonymous_5)
FN:100,(anonymous_6)
FN:123,(anonymous_7)
FNF:8
FNH:0
FNDA:0,(anonymous_0)
FNDA:0,(anonymous_1)
FNDA:0,(anonymous_2)
FNDA:0,(anonymous_3)
FNDA:0,(anonymous_4)
FNDA:0,(anonymous_5)
FNDA:0,(anonymous_6)
FNDA:0,(anonymous_7)
DA:1,11
DA:2,11
DA:3,11
DA:4,11
DA:9,11
DA:10,0
DA:11,0
DA:13,0
DA:15,0
DA:21,11
DA:22,0
DA:24,0
DA:26,0
DA:32,11
DA:33,0
DA:35,0
DA:40,0
DA:46,11
DA:47,0
DA:48,0
DA:50,0
DA:51,0
DA:54,0
DA:56,0
DA:62,11
DA:63,0
DA:65,0
DA:67,0
DA:73,11
DA:74,0
DA:75,0
DA:76,0
DA:78,0
DA:79,0
DA:82,0
DA:83,0
DA:86,0
DA:94,0
DA:100,11
DA:101,0
DA:102,0
DA:103,0
DA:105,0
DA:106,0
DA:109,0
DA:117,0
DA:123,11
DA:124,0
DA:127,0
DA:130,0
DA:133,0
DA:135,0
DA:146,0
LF:53
LH:12
BRDA:11,0,0,0
BRDA:22,1,0,0
BRDA:33,2,0,0
BRDA:36,3,0,0
BRDA:36,3,1,0
BRDA:50,4,0,0
BRDA:50,4,1,0
BRDA:50,5,0,0
BRDA:50,5,1,0
BRDA:63,6,0,0
BRDA:78,7,0,0
BRDA:78,7,1,0
BRDA:78,8,0,0
BRDA:78,8,1,0
BRDA:82,9,0,0
BRDA:82,9,1,0
BRDA:105,10,0,0
BRDA:105,10,1,0
BRDA:105,11,0,0
BRDA:105,11,1,0
BRDA:114,12,0,0
BRDA:114,12,1,0
BRDA:124,13,0,0
BRF:23
BRH:0
end_of_record
TN:
SF:src\controllers\order.Controller.js
FN:10,(anonymous_0)
FN:143,(anonymous_1)
FN:177,(anonymous_2)
FN:202,(anonymous_3)
FN:256,(anonymous_4)
FN:290,(anonymous_5)
FNF:6
FNH:5
FNDA:12,(anonymous_0)
FNDA:5,(anonymous_1)
FNDA:3,(anonymous_2)
FNDA:7,(anonymous_3)
FNDA:2,(anonymous_4)
FNDA:0,(anonymous_5)
DA:1,11
DA:2,11
DA:3,11
DA:4,11
DA:5,11
DA:6,11
DA:7,11
DA:10,11
DA:11,12
DA:12,12
DA:13,12
DA:16,12
DA:17,1
DA:21,11
DA:22,11
DA:24,11
DA:25,14
DA:26,14
DA:27,1
DA:30,13
DA:31,0
DA:34,13
DA:35,13
DA:37,13
DA:46,10
DA:47,10
DA:48,10
DA:49,10
DA:52,10
DA:53,0
DA:60,0
DA:62,0
DA:63,0
DA:64,0
DA:65,0
DA:67,0
DA:72,10
DA:75,10
DA:112,10
DA:113,10
DA:116,10
DA:117,13
DA:128,10
DA:135,10
DA:137,0
DA:138,0
DA:143,11
DA:144,5
DA:145,5
DA:146,5
DA:148,5
DA:149,5
DA:150,4
DA:153,5
DA:159,5
DA:161,5
DA:171,0
DA:172,0
DA:177,11
DA:178,3
DA:179,3
DA:180,3
DA:181,3
DA:183,3
DA:185,3
DA:186,1
DA:190,2
DA:191,1
DA:194,1
DA:196,0
DA:197,0
DA:202,11
DA:203,7
DA:204,7
DA:205,7
DA:207,7
DA:208,7
DA:209,1
DA:212,6
DA:213,6
DA:214,0
DA:218,6
DA:219,1
DA:222,5
DA:223,0
DA:227,5
DA:229,5
DA:230,1
DA:231,1
DA:234,5
DA:235,1
DA:236,1
DA:239,5
DA:241,5
DA:248,5
DA:250,0
DA:251,0
DA:256,11
DA:257,2
DA:258,2
DA:260,2
DA:261,2
DA:262,1
DA:265,2
DA:272,2
DA:274,2
DA:284,0
DA:285,0
DA:290,11
DA:291,0
DA:292,0
DA:293,0
DA:294,0
DA:296,0
DA:297,0
DA:298,0
DA:302,0
DA:303,0
DA:307,0
DA:308,0
DA:320,0
DA:321,0
DA:323,0
DA:330,0
DA:332,0
DA:333,0
DA:337,11
LF:127
LH:90
BRDA:12,0,0,5
BRDA:12,1,0,8
BRDA:16,2,0,1
BRDA:16,2,1,11
BRDA:16,3,0,12
BRDA:16,3,1,12
BRDA:26,4,0,1
BRDA:26,4,1,13
BRDA:30,5,0,0
BRDA:30,5,1,13
BRDA:52,6,0,0
BRDA:52,6,1,10
BRDA:62,7,0,0
BRDA:62,7,1,0
BRDA:84,8,0,1
BRDA:84,8,1,9
BRDA:86,9,0,0
BRDA:86,9,1,10
BRDA:94,10,0,5
BRDA:94,10,1,5
BRDA:96,11,0,10
BRDA:96,11,1,5
BRDA:97,12,0,10
BRDA:97,12,1,5
BRDA:100,13,0,10
BRDA:100,13,1,0
BRDA:101,14,0,10
BRDA:101,14,1,0
BRDA:102,15,0,10
BRDA:102,15,1,0
BRDA:107,16,0,10
BRDA:107,16,1,0
BRDA:108,17,0,10
BRDA:108,17,1,0
BRDA:146,18,0,5
BRDA:146,19,0,5
BRDA:149,20,0,4
BRDA:149,20,1,1
BRDA:185,21,0,1
BRDA:185,21,1,2
BRDA:190,22,0,1
BRDA:190,22,1,1
BRDA:190,23,0,2
BRDA:190,23,1,2
BRDA:208,24,0,1
BRDA:208,24,1,6
BRDA:213,25,0,0
BRDA:213,25,1,6
BRDA:218,26,0,1
BRDA:218,26,1,5
BRDA:218,27,0,6
BRDA:218,27,1,2
BRDA:222,28,0,0
BRDA:222,28,1,5
BRDA:222,29,0,5
BRDA:222,29,1,1
BRDA:229,30,0,1
BRDA:229,30,1,4
BRDA:229,31,0,5
BRDA:229,31,1,1
BRDA:234,32,0,1
BRDA:234,32,1,4
BRDA:234,33,0,5
BRDA:234,33,1,1
BRDA:258,34,0,2
BRDA:258,35,0,2
BRDA:261,36,0,1
BRDA:261,36,1,1
BRDA:297,37,0,0
BRDA:297,37,1,0
BRDA:302,38,0,0
BRDA:302,38,1,0
BRDA:314,39,0,0
BRDA:314,39,1,0
BRF:74
BRH:56
end_of_record
TN:
SF:src\controllers\payment.Controller.js
FN:13,(anonymous_0)
FN:55,(anonymous_1)
FN:119,(anonymous_2)
FN:136,(anonymous_3)
FN:151,(anonymous_4)
FN:167,(anonymous_5)
FN:182,(anonymous_6)
FN:198,(anonymous_7)
FN:225,(anonymous_8)
FN:234,(anonymous_9)
FN:265,handlePaymentSucceeded
FN:280,handlePaymentFailed
FN:295,handlePaymentCanceled
FNF:13
FNH:3
FNDA:6,(anonymous_0)
FNDA:4,(anonymous_1)
FNDA:0,(anonymous_2)
FNDA:0,(anonymous_3)
FNDA:0,(anonymous_4)
FNDA:0,(anonymous_5)
FNDA:0,(anonymous_6)
FNDA:0,(anonymous_7)
FNDA:1,(anonymous_8)
FNDA:0,(anonymous_9)
FNDA:0,handlePaymentSucceeded
FNDA:0,handlePaymentFailed
FNDA:0,handlePaymentCanceled
DA:1,11
DA:2,11
DA:3,11
DA:4,11
DA:5,11
DA:6,11
DA:7,11
DA:8,11
DA:13,11
DA:14,6
DA:15,6
DA:18,6
DA:19,1
DA:22,5
DA:23,0
DA:27,5
DA:28,7
DA:29,7
DA:30,0
DA:32,7
DA:33,0
DA:37,5
DA:47,5
DA:49,5
DA:55,11
DA:56,4
DA:57,4
DA:59,4
DA:60,0
DA:64,4
DA:65,4
DA:66,0
DA:69,4
DA:72,4
DA:73,3
DA:88,3
DA:89,1
DA:91,1
DA:92,1
DA:93,0
DA:100,1
DA:101,1
DA:102,0
DA:107,0
DA:113,4
DA:119,11
DA:120,0
DA:121,0
DA:123,0
DA:126,0
DA:127,0
DA:130,0
DA:136,11
DA:137,0
DA:141,0
DA:143,0
DA:145,0
DA:151,11
DA:152,0
DA:153,0
DA:155,0
DA:156,0
DA:159,0
DA:161,0
DA:167,11
DA:168,0
DA:169,0
DA:174,0
DA:176,0
DA:182,11
DA:183,0
DA:184,0
DA:186,0
DA:192,0
DA:198,11
DA:199,0
DA:200,0
DA:201,0
DA:204,0
DA:205,0
DA:208,0
DA:211,0
DA:219,0
DA:225,11
DA:226,1
DA:228,1
DA:234,11
DA:235,0
DA:236,0
DA:238,0
DA:239,0
DA:241,0
DA:243,0
DA:245,0
DA:246,0
DA:248,0
DA:249,0
DA:251,0
DA:252,0
DA:254,0
DA:257,0
DA:259,0
DA:260,0
DA:266,0
DA:267,0
DA:274,0
DA:276,0
DA:281,0
DA:282,0
DA:289,0
DA:291,0
DA:296,0
DA:297,0
DA:304,0
DA:306,0
LF:115
LH:47
BRDA:18,0,0,1
BRDA:18,0,1,5
BRDA:18,1,0,6
BRDA:18,1,1,5
BRDA:22,2,0,0
BRDA:22,2,1,5
BRDA:22,3,0,5
BRDA:22,3,1,5
BRDA:22,3,2,5
BRDA:29,4,0,0
BRDA:29,4,1,7
BRDA:32,5,0,0
BRDA:32,5,1,7
BRDA:39,6,0,5
BRDA:39,6,1,0
BRDA:59,7,0,0
BRDA:59,7,1,4
BRDA:65,8,0,0
BRDA:65,8,1,4
BRDA:72,9,0,3
BRDA:72,9,1,1
BRDA:88,10,0,1
BRDA:88,10,1,2
BRDA:92,11,0,0
BRDA:92,11,1,1
BRDA:101,12,0,0
BRDA:101,12,1,1
BRDA:126,13,0,0
BRDA:126,13,1,0
BRDA:155,14,0,0
BRDA:155,14,1,0
BRDA:155,15,0,0
BRDA:155,15,1,0
BRDA:184,16,0,0
BRDA:204,17,0,0
BRDA:204,17,1,0
BRDA:243,18,0,0
BRDA:243,18,1,0
BRDA:243,18,2,0
BRDA:243,18,3,0
BRF:40
BRH:19
end_of_record
TN:
SF:src\controllers\product.Controller.js
FN:8,(anonymous_0)
FN:26,(anonymous_1)
FN:35,(anonymous_2)
FN:51,(anonymous_3)
FN:70,(anonymous_4)
FN:80,(anonymous_5)
FN:94,(anonymous_6)
FN:107,(anonymous_7)
FN:116,(anonymous_8)
FNF:9
FNH:7
FNDA:4,(anonymous_0)
FNDA:3,(anonymous_1)
FNDA:5,(anonymous_2)
FNDA:4,(anonymous_3)
FNDA:2,(anonymous_4)
FNDA:2,(anonymous_5)
FNDA:0,(anonymous_6)
FNDA:1,(anonymous_7)
FNDA:0,(anonymous_8)
DA:1,11
DA:2,11
DA:3,11
DA:8,11
DA:9,4
DA:19,4
DA:20,4
DA:26,11
DA:27,3
DA:28,3
DA:29,1
DA:35,11
DA:36,5
DA:37,5
DA:40,5
DA:41,1
DA:44,5
DA:45,5
DA:51,11
DA:52,4
DA:53,4
DA:54,4
DA:56,4
DA:59,4
DA:60,1
DA:63,4
DA:64,3
DA:70,11
DA:71,2
DA:72,2
DA:73,2
DA:74,1
DA:80,11
DA:81,2
DA:82,2
DA:87,2
DA:88,2
DA:94,11
DA:95,0
DA:96,0
DA:100,0
DA:101,0
DA:107,11
DA:108,1
DA:109,1
DA:110,1
DA:116,11
DA:117,0
DA:118,0
LF:49
LH:43
BRDA:10,0,0,4
BRDA:10,0,1,3
BRDA:11,1,0,4
BRDA:11,1,1,3
BRDA:14,2,0,4
BRDA:14,2,1,4
BRDA:15,3,0,4
BRDA:15,3,1,4
BRDA:40,4,0,1
BRDA:40,4,1,4
BRDA:59,5,0,1
BRDA:59,5,1,3
BRDA:83,6,0,2
BRDA:83,6,1,2
BRDA:97,7,0,0
BRDA:97,7,1,0
BRDA:108,8,0,1
BRDA:108,8,1,1
BRF:18
BRH:16
end_of_record
TN:
SF:src\controllers\review.Controller.js
FN:9,(anonymous_0)
FN:25,(anonymous_1)
FN:45,(anonymous_2)
FN:60,(anonymous_3)
FN:77,(anonymous_4)
FN:93,(anonymous_5)
FN:109,(anonymous_6)
FN:125,(anonymous_7)
FN:146,(anonymous_8)
FN:157,(anonymous_9)
FN:166,(anonymous_10)
FN:187,(anonymous_11)
FN:208,(anonymous_12)
FNF:13
FNH:0
FNDA:0,(anonymous_0)
FNDA:0,(anonymous_1)
FNDA:0,(anonymous_2)
FNDA:0,(anonymous_3)
FNDA:0,(anonymous_4)
FNDA:0,(anonymous_5)
FNDA:0,(anonymous_6)
FNDA:0,(anonymous_7)
FNDA:0,(anonymous_8)
FNDA:0,(anonymous_9)
FNDA:0,(anonymous_10)
FNDA:0,(anonymous_11)
FNDA:0,(anonymous_12)
DA:1,11
DA:2,11
DA:3,11
DA:4,11
DA:9,11
DA:10,0
DA:11,0
DA:13,0
DA:15,0
DA:16,0
DA:19,0
DA:25,11
DA:26,0
DA:27,0
DA:29,0
DA:37,0
DA:39,0
DA:45,11
DA:46,0
DA:48,0
DA:50,0
DA:51,0
DA:54,0
DA:60,11
DA:61,0
DA:62,0
DA:63,0
DA:65,0
DA:67,0
DA:68,0
DA:71,0
DA:77,11
DA:78,0
DA:79,0
DA:81,0
DA:83,0
DA:84,0
DA:87,0
DA:93,11
DA:94,0
DA:95,0
DA:97,0
DA:99,0
DA:100,0
DA:103,0
DA:109,11
DA:110,0
DA:111,0
DA:113,0
DA:115,0
DA:116,0
DA:119,0
DA:125,11
DA:126,0
DA:127,0
DA:128,0
DA:130,0
DA:131,0
DA:134,0
DA:136,0
DA:137,0
DA:140,0
DA:146,11
DA:147,0
DA:149,0
DA:151,0
DA:157,11
DA:158,0
DA:160,0
DA:166,11
DA:167,0
DA:168,0
DA:169,0
DA:171,0
DA:172,0
DA:175,0
DA:177,0
DA:178,0
DA:181,0
DA:187,11
DA:188,0
DA:189,0
DA:190,0
DA:192,0
DA:193,0
DA:196,0
DA:198,0
DA:199,0
DA:202,0
DA:208,11
DA:209,0
DA:212,0
DA:213,0
DA:216,0
DA:219,0
LF:95
LH:17
BRDA:15,0,0,0
BRDA:15,0,1,0
BRDA:27,1,0,0
BRDA:27,2,0,0
BRDA:27,3,0,0
BRDA:27,4,0,0
BRDA:32,5,0,0
BRDA:32,5,1,0
BRDA:50,6,0,0
BRDA:50,6,1,0
BRDA:67,7,0,0
BRDA:67,7,1,0
BRDA:83,8,0,0
BRDA:83,8,1,0
BRDA:99,9,0,0
BRDA:99,9,1,0
BRDA:115,10,0,0
BRDA:115,10,1,0
BRDA:130,11,0,0
BRDA:130,11,1,0
BRDA:136,12,0,0
BRDA:136,12,1,0
BRDA:147,13,0,0
BRDA:171,14,0,0
BRDA:171,14,1,0
BRDA:177,15,0,0
BRDA:177,15,1,0
BRDA:192,16,0,0
BRDA:192,16,1,0
BRDA:198,17,0,0
BRDA:198,17,1,0
BRDA:209,18,0,0
BRDA:212,19,0,0
BRDA:212,19,1,0
BRF:34
BRH:0
end_of_record
TN:
SF:src\controllers\role.controller.js
FN:8,(anonymous_0)
FN:18,(anonymous_1)
FN:26,(anonymous_2)
FNF:3
FNH:0
FNDA:0,(anonymous_0)
FNDA:0,(anonymous_1)
FNDA:0,(anonymous_2)
DA:1,11
DA:2,11
DA:3,11
DA:8,11
DA:9,0
DA:10,0
DA:11,0
DA:12,0
DA:18,11
DA:19,0
DA:20,0
DA:26,11
DA:27,0
DA:28,0
DA:29,0
DA:30,0
DA:32,0
DA:36,0
LF:18
LH:6
BRDA:32,0,0,0
BRDA:32,0,1,0
BRF:2
BRH:0
end_of_record
TN:
SF:src\controllers\user.Controller.js
FN:8,(anonymous_0)
FN:17,(anonymous_1)
FN:26,(anonymous_2)
FN:34,(anonymous_3)
FN:44,(anonymous_4)
FN:54,(anonymous_5)
FN:62,(anonymous_6)
FN:78,(anonymous_7)
FN:86,(anonymous_8)
FN:96,(anonymous_9)
FN:105,(anonymous_10)
FN:115,(anonymous_11)
FN:124,(anonymous_12)
FNF:13
FNH:7
FNDA:2,(anonymous_0)
FNDA:220,(anonymous_1)
FNDA:1,(anonymous_2)
FNDA:0,(anonymous_3)
FNDA:0,(anonymous_4)
FNDA:0,(anonymous_5)
FNDA:0,(anonymous_6)
FNDA:0,(anonymous_7)
FNDA:5,(anonymous_8)
FNDA:3,(anonymous_9)
FNDA:2,(anonymous_10)
FNDA:2,(anonymous_11)
FNDA:0,(anonymous_12)
DA:1,11
DA:2,11
DA:3,11
DA:8,11
DA:9,2
DA:10,2
DA:11,1
DA:17,11
DA:18,220
DA:19,220
DA:20,209
DA:26,11
DA:27,1
DA:28,1
DA:34,11
DA:35,0
DA:36,0
DA:37,0
DA:38,0
DA:44,11
DA:45,0
DA:46,0
DA:47,0
DA:48,0
DA:54,11
DA:55,0
DA:56,0
DA:62,11
DA:63,0
DA:64,0
DA:65,0
DA:66,0
DA:68,0
DA:72,0
DA:78,11
DA:79,0
DA:80,0
DA:86,11
DA:87,5
DA:88,5
DA:89,5
DA:90,5
DA:96,11
DA:97,3
DA:98,3
DA:99,1
DA:105,11
DA:106,2
DA:107,2
DA:108,2
DA:109,0
DA:115,11
DA:116,2
DA:117,2
DA:118,1
DA:124,11
DA:125,0
DA:126,0
DA:127,0
LF:59
LH:37
BRDA:68,0,0,0
BRDA:68,0,1,0
BRDA:87,1,0,3
BRDA:87,2,0,3
BRDA:87,3,0,4
BRDA:87,4,0,4
BRDA:87,5,0,5
BRF:7
BRH:5
end_of_record
TN:
SF:src\middlewares\auth.js
FN:9,(anonymous_0)
FN:96,(anonymous_1)
FNF:2
FNH:1
FNDA:120,(anonymous_0)
FNDA:0,(anonymous_1)
DA:1,11
DA:2,11
DA:3,11
DA:4,11
DA:9,11
DA:10,120
DA:11,120
DA:13,120
DA:14,8
DA:19,8
DA:22,112
DA:24,112
DA:25,0
DA:30,0
DA:33,112
DA:34,0
DA:38,0
DA:42,112
DA:48,111
DA:49,0
DA:54,0
DA:58,111
DA:65,111
DA:72,111
DA:74,1
DA:81,1
DA:82,0
DA:85,1
DA:86,1
DA:89,0
DA:96,11
DA:97,0
DA:98,0
DA:100,0
DA:101,0
DA:104,0
DA:106,0
DA:107,0
DA:112,0
DA:113,0
DA:122,0
DA:125,0
DA:129,11
LF:43
LH:24
BRDA:13,0,0,8
BRDA:13,0,1,112
BRDA:24,1,0,0
BRDA:24,1,1,112
BRDA:24,2,0,112
BRDA:24,2,1,0
BRDA:33,3,0,0
BRDA:33,3,1,112
BRDA:48,4,0,0
BRDA:48,4,1,111
BRDA:48,5,0,111
BRDA:48,5,1,111
BRDA:81,6,0,0
BRDA:81,6,1,1
BRDA:85,7,0,1
BRDA:85,7,1,0
BRDA:100,8,0,0
BRDA:100,8,1,0
BRDA:106,9,0,0
BRDA:106,9,1,0
BRDA:106,10,0,0
BRDA:106,10,1,0
BRDA:106,10,2,0
BRDA:112,11,0,0
BRDA:112,11,1,0
BRDA:112,12,0,0
BRDA:112,12,1,0
BRF:27
BRH:10
end_of_record
TN:
SF:src\middlewares\authRol.js
FN:8,(anonymous_0)
FN:9,(anonymous_1)
FN:71,(anonymous_2)
FN:72,(anonymous_3)
FNF:4
FNH:2
FNDA:231,(anonymous_0)
FNDA:53,(anonymous_1)
FNDA:0,(anonymous_2)
FNDA:0,(anonymous_3)
DA:1,11
DA:2,11
DA:8,11
DA:9,231
DA:10,53
DA:12,53
DA:13,0
DA:18,0
DA:22,53
DA:23,12
DA:30,12
DA:33,41
DA:40,41
DA:42,0
DA:47,0
DA:55,11
DA:60,11
DA:65,11
DA:71,11
DA:72,0
DA:73,0
DA:74,0
DA:75,0
DA:79,0
DA:80,0
DA:84,0
DA:86,0
DA:87,0
DA:93,0
DA:97,0
DA:98,0
DA:103,0
DA:106,0
DA:108,0
DA:113,0
DA:118,11
LF:36
LH:16
BRDA:12,0,0,0
BRDA:12,0,1,53
BRDA:12,1,0,53
BRDA:12,1,1,53
BRDA:22,2,0,12
BRDA:22,2,1,41
BRDA:71,3,0,0
BRDA:74,4,0,0
BRDA:74,4,1,0
BRDA:74,5,0,0
BRDA:74,5,1,0
BRDA:79,6,0,0
BRDA:79,6,1,0
BRDA:84,7,0,0
BRDA:84,7,1,0
BRDA:86,8,0,0
BRDA:86,8,1,0
BRDA:97,9,0,0
BRDA:97,9,1,0
BRF:19
BRH:5
end_of_record
TN:
SF:src\middlewares\errorHandler.js
FN:8,(anonymous_0)
FN:17,(anonymous_1)
FN:119,(anonymous_2)
FN:128,(anonymous_3)
FN:129,(anonymous_4)
FNF:5
FNH:5
FNDA:29,(anonymous_0)
FNDA:1,(anonymous_1)
FNDA:4,(anonymous_2)
FNDA:1078,(anonymous_3)
FNDA:289,(anonymous_4)
DA:1,11
DA:2,11
DA:3,11
DA:8,11
DA:9,29
DA:10,29
DA:13,29
DA:16,29
DA:17,1
DA:18,1
DA:25,29
DA:26,0
DA:27,0
DA:28,0
DA:35,29
DA:36,2
DA:37,2
DA:44,29
DA:45,0
DA:46,0
DA:53,29
DA:54,0
DA:55,0
DA:62,29
DA:63,0
DA:64,0
DA:71,29
DA:72,0
DA:73,0
DA:80,29
DA:81,0
DA:82,0
DA:89,29
DA:90,0
DA:91,0
DA:98,29
DA:99,29
DA:102,29
DA:108,29
DA:109,0
DA:110,0
DA:113,29
DA:119,11
DA:120,4
DA:121,4
DA:122,4
DA:128,11
DA:129,1078
DA:130,289
DA:134,11
LF:50
LH:33
BRDA:16,0,0,1
BRDA:16,0,1,28
BRDA:25,1,0,0
BRDA:25,1,1,29
BRDA:35,2,0,2
BRDA:35,2,1,27
BRDA:44,3,0,0
BRDA:44,3,1,29
BRDA:53,4,0,0
BRDA:53,4,1,29
BRDA:62,5,0,0
BRDA:62,5,1,29
BRDA:62,6,0,29
BRDA:62,6,1,0
BRDA:62,6,2,0
BRDA:71,7,0,0
BRDA:71,7,1,29
BRDA:80,8,0,0
BRDA:80,8,1,29
BRDA:89,9,0,0
BRDA:89,9,1,29
BRDA:89,10,0,29
BRDA:89,10,1,29
BRDA:98,11,0,29
BRDA:98,11,1,22
BRDA:99,12,0,29
BRDA:99,12,1,0
BRDA:108,13,0,0
BRDA:108,13,1,29
BRF:29
BRH:18
end_of_record
TN:
SF:src\middlewares\parseArrays.js
FN:4,(anonymous_0)
FNF:1
FNH:1
FNDA:11,(anonymous_0)
DA:4,11
DA:5,11
DA:7,11
DA:8,4
DA:9,4
DA:11,0
DA:19,11
DA:20,4
DA:21,4
DA:23,0
DA:32,11
DA:35,11
LF:12
LH:10
BRDA:5,0,0,11
BRDA:5,0,1,0
BRDA:7,1,0,4
BRDA:7,1,1,7
BRDA:7,2,0,11
BRDA:7,2,1,5
BRDA:19,3,0,4
BRDA:19,3,1,7
BRDA:19,4,0,11
BRDA:19,4,1,5
BRF:10
BRH:9
end_of_record
TN:
SF:src\middlewares\rateLimiter.js
FN:18,(anonymous_0)
FN:47,(anonymous_1)
FN:76,(anonymous_2)
FN:105,(anonymous_3)
FNF:4
FNH:1
FNDA:0,(anonymous_0)
FNDA:0,(anonymous_1)
FNDA:3,(anonymous_2)
FNDA:0,(anonymous_3)
DA:1,11
DA:2,11
DA:3,11
DA:8,11
DA:19,0
DA:26,0
DA:37,11
DA:48,0
DA:55,0
DA:66,11
DA:77,3
DA:84,3
DA:95,11
DA:106,0
DA:113,0
DA:121,11
LF:16
LH:10
BRDA:39,0,0,11
BRDA:39,0,1,0
BRF:2
BRH:1
end_of_record
TN:
SF:src\middlewares\upload.js
FN:13,(anonymous_0)
FN:16,(anonymous_1)
FN:25,(anonymous_2)
FN:45,(anonymous_3)
FNF:4
FNH:4
FNDA:3,(anonymous_0)
FNDA:3,(anonymous_1)
FNDA:4,(anonymous_2)
FNDA:2,(anonymous_3)
DA:1,11
DA:2,11
DA:3,11
DA:6,11
DA:7,11
DA:8,0
DA:12,11
DA:14,3
DA:18,3
DA:19,3
DA:20,3
DA:25,11
DA:27,4
DA:28,3
DA:30,1
DA:35,11
DA:45,11
DA:46,2
DA:47,1
DA:48,1
DA:54,0
DA:55,0
DA:63,1
DA:64,1
DA:71,0
DA:74,11
LF:26
LH:22
BRDA:7,0,0,0
BRDA:7,0,1,11
BRDA:27,1,0,3
BRDA:27,1,1,1
BRDA:46,2,0,1
BRDA:46,2,1,1
BRDA:47,3,0,1
BRDA:47,3,1,0
BRDA:54,4,0,0
BRDA:54,4,1,0
BRDA:63,5,0,1
BRDA:63,5,1,0
BRF:12
BRH:7
end_of_record
TN:
SF:src\middlewares\validation.js
FNF:0
FNH:0
DA:1,11
DA:6,11
DA:38,11
LF:3
LH:3
BRF:0
BRH:0
end_of_record
TN:
SF:src\models\CartModel.js
FN:29,(anonymous_0)
FN:44,(anonymous_1)
FN:60,(anonymous_2)
FN:61,(anonymous_3)
FN:67,(anonymous_4)
FN:68,(anonymous_5)
FN:74,(anonymous_6)
FN:79,(anonymous_7)
FN:107,(anonymous_8)
FN:115,(anonymous_9)
FN:133,(anonymous_10)
FN:141,(anonymous_11)
FN:159,(anonymous_12)
FN:160,(anonymous_13)
FN:167,(anonymous_14)
FN:173,(anonymous_15)
FN:201,(anonymous_16)
FN:206,(anonymous_17)
FNF:18
FNH:16
FNDA:30,(anonymous_0)
FNDA:11,(anonymous_1)
FNDA:34,(anonymous_2)
FNDA:38,(anonymous_3)
FNDA:17,(anonymous_4)
FNDA:19,(anonymous_5)
FNDA:17,(anonymous_6)
FNDA:27,(anonymous_7)
FNDA:13,(anonymous_8)
FNDA:4,(anonymous_9)
FNDA:2,(anonymous_10)
FNDA:2,(anonymous_11)
FNDA:3,(anonymous_12)
FNDA:5,(anonymous_13)
FNDA:0,(anonymous_14)
FNDA:0,(anonymous_15)
FNDA:20,(anonymous_16)
FNDA:11,(anonymous_17)
DA:1,11
DA:3,11
DA:30,30
DA:45,11
DA:55,11
DA:56,11
DA:57,11
DA:60,11
DA:61,34
DA:62,38
DA:67,11
DA:68,17
DA:69,19
DA:74,11
DA:75,17
DA:79,11
DA:80,27
DA:81,15
DA:83,15
DA:84,17
DA:86,17
DA:87,0
DA:90,17
DA:91,0
DA:94,17
DA:95,0
DA:99,17
DA:103,27
DA:107,11
DA:108,13
DA:109,13
DA:111,13
DA:112,0
DA:115,13
DA:116,4
DA:119,13
DA:120,1
DA:122,12
DA:129,13
DA:133,11
DA:134,2
DA:135,2
DA:137,2
DA:138,0
DA:141,2
DA:142,2
DA:145,2
DA:146,1
DA:149,1
DA:150,0
DA:153,1
DA:154,1
DA:155,1
DA:159,11
DA:160,3
DA:161,5
DA:163,3
DA:167,11
DA:168,0
DA:169,0
DA:173,11
DA:174,0
DA:175,0
DA:177,0
DA:178,0
DA:180,0
DA:181,0
DA:186,0
DA:187,0
DA:197,0
DA:201,11
DA:202,20
DA:206,11
DA:207,11
DA:210,11
LF:75
LH:58
BRDA:80,0,0,15
BRDA:80,0,1,12
BRDA:86,1,0,0
BRDA:86,1,1,17
BRDA:90,2,0,0
BRDA:90,2,1,17
BRDA:94,3,0,0
BRDA:94,3,1,17
BRDA:107,4,0,0
BRDA:111,5,0,0
BRDA:111,5,1,13
BRDA:119,6,0,1
BRDA:119,6,1,12
BRDA:137,7,0,0
BRDA:137,7,1,2
BRDA:145,8,0,1
BRDA:145,8,1,1
BRDA:149,9,0,0
BRDA:149,9,1,1
BRDA:180,10,0,0
BRDA:180,10,1,0
BRDA:180,11,0,0
BRDA:180,11,1,0
BRDA:183,12,0,0
BRDA:183,12,1,0
BRDA:184,13,0,0
BRDA:184,13,1,0
BRDA:186,14,0,0
BRDA:186,14,1,0
BRF:29
BRH:12
end_of_record
TN:
SF:src\models\ChatMessageModel.js
FN:93,(anonymous_0)
FN:98,(anonymous_1)
FN:103,(anonymous_2)
FN:104,(anonymous_3)
FN:121,(anonymous_4)
FN:129,(anonymous_5)
FN:156,(anonymous_6)
FN:167,(anonymous_7)
FN:187,(anonymous_8)
FNF:9
FNH:0
FNDA:0,(anonymous_0)
FNDA:0,(anonymous_1)
FNDA:0,(anonymous_2)
FNDA:0,(anonymous_3)
FNDA:0,(anonymous_4)
FNDA:0,(anonymous_5)
FNDA:0,(anonymous_6)
FNDA:0,(anonymous_7)
FNDA:0,(anonymous_8)
DA:1,11
DA:3,11
DA:87,11
DA:88,11
DA:89,11
DA:90,11
DA:93,11
DA:94,0
DA:98,11
DA:99,0
DA:103,11
DA:104,0
DA:105,0
DA:108,0
DA:109,0
DA:113,0
DA:114,0
DA:117,0
DA:121,11
DA:122,0
DA:123,0
DA:124,0
DA:125,0
DA:129,11
DA:135,0
DA:137,0
DA:139,0
DA:140,0
DA:143,0
DA:144,0
DA:147,0
DA:156,11
DA:157,0
DA:167,11
DA:168,0
DA:187,11
DA:188,0
DA:189,0
DA:191,0
DA:192,0
DA:193,0
DA:196,0
DA:208,11
LF:43
LH:15
BRDA:94,0,0,0
BRDA:94,0,1,0
BRDA:108,1,0,0
BRDA:108,1,1,0
BRDA:129,2,0,0
BRDA:131,3,0,0
BRDA:132,4,0,0
BRDA:133,5,0,0
BRDA:134,6,0,0
BRDA:139,7,0,0
BRDA:139,7,1,0
BRDA:143,8,0,0
BRDA:143,8,1,0
BRDA:187,9,0,0
BRDA:187,10,0,0
BRDA:192,11,0,0
BRDA:192,11,1,0
BRF:17
BRH:0
end_of_record
TN:
SF:src\models\ChatModel.js
FN:98,(anonymous_0)
FN:99,(anonymous_1)
FN:103,(anonymous_2)
FN:104,(anonymous_3)
FN:108,(anonymous_4)
FN:113,(anonymous_5)
FN:114,(anonymous_6)
FN:131,(anonymous_7)
FN:132,(anonymous_8)
FN:143,(anonymous_9)
FN:150,(anonymous_10)
FN:164,(anonymous_11)
FN:175,(anonymous_12)
FN:186,(anonymous_13)
FNF:14
FNH:0
FNDA:0,(anonymous_0)
FNDA:0,(anonymous_1)
FNDA:0,(anonymous_2)
FNDA:0,(anonymous_3)
FNDA:0,(anonymous_4)
FNDA:0,(anonymous_5)
FNDA:0,(anonymous_6)
FNDA:0,(anonymous_7)
FNDA:0,(anonymous_8)
FNDA:0,(anonymous_9)
FNDA:0,(anonymous_10)
FNDA:0,(anonymous_11)
FNDA:0,(anonymous_12)
FNDA:0,(anonymous_13)
DA:1,11
DA:3,11
DA:90,11
DA:91,11
DA:92,11
DA:93,11
DA:94,11
DA:95,11
DA:98,11
DA:99,0
DA:103,11
DA:104,0
DA:108,11
DA:109,0
DA:113,11
DA:114,0
DA:115,0
DA:118,0
DA:119,0
DA:127,0
DA:131,11
DA:132,0
DA:133,0
DA:136,0
DA:137,0
DA:138,0
DA:143,11
DA:144,0
DA:145,0
DA:146,0
DA:150,11
DA:151,0
DA:152,0
DA:153,0
DA:154,0
DA:156,0
DA:157,0
DA:160,0
DA:164,11
DA:165,0
DA:175,11
DA:176,0
DA:186,11
DA:187,0
DA:188,0
DA:190,0
DA:210,11
LF:47
LH:19
BRDA:104,0,0,0
BRDA:104,0,1,0
BRDA:109,1,0,0
BRDA:109,1,1,0
BRDA:118,2,0,0
BRDA:118,2,1,0
BRDA:136,3,0,0
BRDA:136,3,1,0
BRDA:150,4,0,0
BRDA:156,5,0,0
BRDA:156,5,1,0
BRDA:186,6,0,0
BRF:12
BRH:0
end_of_record
TN:
SF:src\models\CouponModel.js
FN:100,(anonymous_0)
FN:109,(anonymous_1)
FN:114,(anonymous_2)
FN:119,(anonymous_3)
FN:142,(anonymous_4)
FN:152,(anonymous_5)
FN:164,(anonymous_6)
FN:189,(anonymous_7)
FN:196,(anonymous_8)
FN:210,(anonymous_9)
FNF:10
FNH:0
FNDA:0,(anonymous_0)
FNDA:0,(anonymous_1)
FNDA:0,(anonymous_2)
FNDA:0,(anonymous_3)
FNDA:0,(anonymous_4)
FNDA:0,(anonymous_5)
FNDA:0,(anonymous_6)
FNDA:0,(anonymous_7)
FNDA:0,(anonymous_8)
FNDA:0,(anonymous_9)
DA:1,11
DA:3,11
DA:94,11
DA:95,11
DA:96,11
DA:97,11
DA:100,11
DA:101,0
DA:102,0
DA:109,11
DA:110,0
DA:114,11
DA:115,0
DA:119,11
DA:120,0
DA:123,0
DA:124,0
DA:128,0
DA:129,0
DA:133,0
DA:134,0
DA:141,0
DA:142,0
DA:143,0
DA:145,0
DA:146,0
DA:151,0
DA:152,0
DA:153,0
DA:155,0
DA:156,0
DA:160,0
DA:164,11
DA:165,0
DA:167,0
DA:168,0
DA:169,0
DA:170,0
DA:171,0
DA:172,0
DA:176,0
DA:177,0
DA:181,0
DA:182,0
DA:185,0
DA:189,11
DA:190,0
DA:191,0
DA:192,0
DA:196,11
DA:197,0
DA:198,0
DA:210,11
DA:211,0
DA:217,11
LF:55
LH:15
BRDA:102,0,0,0
BRDA:102,0,1,0
BRDA:102,0,2,0
BRDA:102,0,3,0
BRDA:102,0,4,0
BRDA:115,1,0,0
BRDA:115,1,1,0
BRDA:123,2,0,0
BRDA:123,2,1,0
BRDA:123,3,0,0
BRDA:123,3,1,0
BRDA:123,3,2,0
BRDA:128,4,0,0
BRDA:128,4,1,0
BRDA:128,5,0,0
BRDA:128,5,1,0
BRDA:133,6,0,0
BRDA:133,6,1,0
BRDA:141,7,0,0
BRDA:141,7,1,0
BRDA:145,8,0,0
BRDA:145,8,1,0
BRDA:151,9,0,0
BRDA:151,9,1,0
BRDA:155,10,0,0
BRDA:155,10,1,0
BRDA:167,11,0,0
BRDA:167,11,1,0
BRDA:169,12,0,0
BRDA:169,12,1,0
BRDA:171,13,0,0
BRDA:171,13,1,0
BRDA:172,14,0,0
BRDA:172,14,1,0
BRDA:176,15,0,0
BRDA:176,15,1,0
BRDA:176,16,0,0
BRDA:176,16,1,0
BRDA:181,17,0,0
BRDA:181,17,1,0
BRF:40
BRH:0
end_of_record
TN:
SF:src\models\CouponUsageModel.js
FN:54,(anonymous_0)
FN:104,(anonymous_1)
FN:109,(anonymous_2)
FNF:3
FNH:0
FNDA:0,(anonymous_0)
FNDA:0,(anonymous_1)
FNDA:0,(anonymous_2)
DA:1,11
DA:3,11
DA:45,11
DA:46,11
DA:47,11
DA:48,11
DA:51,11
DA:54,11
DA:55,0
DA:56,0
DA:58,0
DA:59,0
DA:60,0
DA:63,0
DA:104,11
DA:105,0
DA:109,11
DA:110,0
DA:117,11
LF:19
LH:11
BRDA:54,0,0,0
BRDA:54,1,0,0
BRDA:59,2,0,0
BRDA:59,2,1,0
BRDA:109,3,0,0
BRF:5
BRH:0
end_of_record
TN:
SF:src\models\EventModel.js
FN:37,(anonymous_0)
FN:47,(anonymous_1)
FN:71,(anonymous_2)
FN:80,(anonymous_3)
FN:171,(anonymous_4)
FN:179,(anonymous_5)
FN:186,(anonymous_6)
FN:191,(anonymous_7)
FN:192,(anonymous_8)
FN:196,(anonymous_9)
FN:202,(anonymous_10)
FN:203,(anonymous_11)
FN:208,(anonymous_12)
FN:221,(anonymous_13)
FN:223,(anonymous_14)
FN:226,(anonymous_15)
FN:238,(anonymous_16)
FN:240,(anonymous_17)
FN:263,(anonymous_18)
FN:264,(anonymous_19)
FN:277,(anonymous_20)
FN:297,(anonymous_21)
FN:307,(anonymous_22)
FNF:23
FNH:0
FNDA:0,(anonymous_0)
FNDA:0,(anonymous_1)
FNDA:0,(anonymous_2)
FNDA:0,(anonymous_3)
FNDA:0,(anonymous_4)
FNDA:0,(anonymous_5)
FNDA:0,(anonymous_6)
FNDA:0,(anonymous_7)
FNDA:0,(anonymous_8)
FNDA:0,(anonymous_9)
FNDA:0,(anonymous_10)
FNDA:0,(anonymous_11)
FNDA:0,(anonymous_12)
FNDA:0,(anonymous_13)
FNDA:0,(anonymous_14)
FNDA:0,(anonymous_15)
FNDA:0,(anonymous_16)
FNDA:0,(anonymous_17)
FNDA:0,(anonymous_18)
FNDA:0,(anonymous_19)
FNDA:0,(anonymous_20)
FNDA:0,(anonymous_21)
FNDA:0,(anonymous_22)
DA:1,11
DA:3,11
DA:38,0
DA:48,0
DA:72,0
DA:81,0
DA:149,11
DA:150,11
DA:151,11
DA:152,11
DA:153,11
DA:154,11
DA:155,11
DA:156,11
DA:159,11
DA:168,11
DA:171,11
DA:172,0
DA:173,0
DA:174,0
DA:175,0
DA:179,11
DA:180,0
DA:181,0
DA:182,0
DA:186,11
DA:187,0
DA:191,11
DA:192,0
DA:196,11
DA:197,0
DA:198,0
DA:202,11
DA:203,0
DA:204,0
DA:208,11
DA:209,0
DA:210,0
DA:217,0
DA:221,11
DA:222,0
DA:223,0
DA:224,0
DA:226,0
DA:227,0
DA:229,0
DA:231,0
DA:234,0
DA:238,11
DA:240,0
DA:241,0
DA:244,0
DA:245,0
DA:249,0
DA:250,0
DA:254,0
DA:259,0
DA:263,11
DA:264,0
DA:265,0
DA:268,0
DA:269,0
DA:272,0
DA:273,0
DA:277,11
DA:278,0
DA:293,0
DA:297,11
DA:298,0
DA:307,11
DA:308,0
DA:315,11
LF:72
LH:26
BRDA:81,0,0,0
BRDA:81,0,1,0
BRDA:175,1,0,0
BRDA:175,1,1,0
BRDA:197,2,0,0
BRDA:197,2,1,0
BRDA:204,3,0,0
BRDA:204,3,1,0
BRDA:204,3,2,0
BRDA:209,4,0,0
BRDA:209,4,1,0
BRDA:209,5,0,0
BRDA:209,5,1,0
BRDA:222,6,0,0
BRDA:222,6,1,0
BRDA:222,7,0,0
BRDA:222,7,1,0
BRDA:224,8,0,0
BRDA:224,8,1,0
BRDA:229,9,0,0
BRDA:229,9,1,0
BRDA:241,10,0,0
BRDA:241,10,1,0
BRDA:244,11,0,0
BRDA:244,11,1,0
BRDA:249,12,0,0
BRDA:249,12,1,0
BRDA:249,13,0,0
BRDA:249,13,1,0
BRDA:265,14,0,0
BRDA:265,14,1,0
BRDA:268,15,0,0
BRDA:268,15,1,0
BRDA:277,16,0,0
BRDA:297,17,0,0
BRF:35
BRH:0
end_of_record
TN:
SF:src\models\InventoryModel.js
FN:65,(anonymous_0)
FN:70,(anonymous_1)
FN:79,(anonymous_2)
FN:89,(anonymous_3)
FNF:4
FNH:0
FNDA:0,(anonymous_0)
FNDA:0,(anonymous_1)
FNDA:0,(anonymous_2)
FNDA:0,(anonymous_3)
DA:1,11
DA:3,11
DA:59,11
DA:60,11
DA:61,11
DA:62,11
DA:65,11
DA:66,0
DA:70,11
DA:71,0
DA:79,11
DA:80,0
DA:89,11
DA:90,0
DA:91,0
DA:93,0
DA:94,0
DA:95,0
DA:98,0
DA:111,11
LF:20
LH:11
BRDA:70,0,0,0
BRDA:79,1,0,0
BRDA:89,2,0,0
BRDA:89,3,0,0
BRDA:94,4,0,0
BRDA:94,4,1,0
BRF:6
BRH:0
end_of_record
TN:
SF:src\models\OrderModel.js
FN:197,(anonymous_0)
FN:201,(anonymous_1)
FN:205,(anonymous_2)
FN:209,(anonymous_3)
FN:213,(anonymous_4)
FN:217,(anonymous_5)
FN:221,(anonymous_6)
FN:222,(anonymous_7)
FN:225,(anonymous_8)
FN:235,(anonymous_9)
FN:242,(anonymous_10)
FN:249,(anonymous_11)
FN:269,(anonymous_12)
FN:276,(anonymous_13)
FN:281,(anonymous_14)
FN:291,(anonymous_15)
FN:302,(anonymous_16)
FN:314,(anonymous_17)
FNF:18
FNH:11
FNDA:23,(anonymous_0)
FNDA:23,(anonymous_1)
FNDA:23,(anonymous_2)
FNDA:23,(anonymous_3)
FNDA:23,(anonymous_4)
FNDA:23,(anonymous_5)
FNDA:23,(anonymous_6)
FNDA:26,(anonymous_7)
FNDA:23,(anonymous_8)
FNDA:63,(anonymous_9)
FNDA:61,(anonymous_10)
FNDA:0,(anonymous_11)
FNDA:0,(anonymous_12)
FNDA:0,(anonymous_13)
FNDA:0,(anonymous_14)
FNDA:0,(anonymous_15)
FNDA:0,(anonymous_16)
FNDA:0,(anonymous_17)
DA:1,11
DA:3,11
DA:192,11
DA:193,11
DA:194,11
DA:197,11
DA:198,23
DA:201,11
DA:202,23
DA:205,11
DA:206,23
DA:209,11
DA:210,23
DA:213,11
DA:214,23
DA:217,11
DA:218,23
DA:221,11
DA:222,26
DA:225,11
DA:226,23
DA:227,1
DA:228,1
DA:229,1
DA:231,22
DA:235,11
DA:236,63
DA:238,58
DA:239,58
DA:242,61
DA:243,58
DA:245,63
DA:249,11
DA:250,0
DA:252,0
DA:253,0
DA:255,0
DA:256,0
DA:258,0
DA:259,0
DA:261,0
DA:262,0
DA:263,0
DA:266,0
DA:269,11
DA:270,0
DA:271,0
DA:272,0
DA:273,0
DA:276,11
DA:277,0
DA:281,11
DA:282,0
DA:284,0
DA:291,11
DA:292,0
DA:294,0
DA:302,11
DA:303,0
DA:314,11
DA:315,0
DA:316,0
DA:317,0
DA:323,0
DA:336,11
LF:65
LH:40
BRDA:226,0,0,1
BRDA:226,0,1,22
BRDA:236,1,0,58
BRDA:236,1,1,5
BRDA:249,2,0,0
BRDA:253,3,0,0
BRDA:253,3,1,0
BRDA:253,3,2,0
BRDA:281,4,0,0
BRDA:281,5,0,0
BRDA:291,6,0,0
BRDA:291,7,0,0
BRDA:316,8,0,0
BRDA:316,8,1,0
BRDA:316,9,0,0
BRDA:316,9,1,0
BRF:16
BRH:4
end_of_record
TN:
SF:src\models\ReviewModel.js
FN:114,(anonymous_0)
FN:119,(anonymous_1)
FN:125,(anonymous_2)
FN:130,(anonymous_3)
FN:137,(anonymous_4)
FN:144,(anonymous_5)
FN:146,(anonymous_6)
FN:169,(anonymous_7)
FN:199,(anonymous_8)
FN:234,(anonymous_9)
FN:243,(anonymous_10)
FNF:11
FNH:0
FNDA:0,(anonymous_0)
FNDA:0,(anonymous_1)
FNDA:0,(anonymous_2)
FNDA:0,(anonymous_3)
FNDA:0,(anonymous_4)
FNDA:0,(anonymous_5)
FNDA:0,(anonymous_6)
FNDA:0,(anonymous_7)
FNDA:0,(anonymous_8)
FNDA:0,(anonymous_9)
FNDA:0,(anonymous_10)
DA:1,11
DA:3,11
DA:104,11
DA:105,11
DA:106,11
DA:107,11
DA:108,11
DA:111,11
DA:114,11
DA:115,0
DA:119,11
DA:120,0
DA:121,0
DA:125,11
DA:126,0
DA:130,11
DA:132,0
DA:133,0
DA:137,11
DA:139,0
DA:140,0
DA:144,11
DA:146,0
DA:147,0
DA:150,0
DA:151,0
DA:154,0
DA:161,0
DA:162,0
DA:165,0
DA:169,11
DA:176,0
DA:178,0
DA:183,0
DA:184,0
DA:187,0
DA:188,0
DA:190,0
DA:199,11
DA:200,0
DA:234,11
DA:235,0
DA:243,11
DA:244,0
DA:251,11
LF:45
LH:19
BRDA:120,0,0,0
BRDA:120,0,1,0
BRDA:126,1,0,0
BRDA:126,1,1,0
BRDA:150,2,0,0
BRDA:150,2,1,0
BRDA:161,3,0,0
BRDA:161,3,1,0
BRDA:169,4,0,0
BRDA:171,5,0,0
BRDA:172,6,0,0
BRDA:173,7,0,0
BRDA:174,8,0,0
BRDA:175,9,0,0
BRDA:183,10,0,0
BRDA:183,10,1,0
BRDA:234,11,0,0
BRF:17
BRH:0
end_of_record
TN:
SF:src\models\productModel.js
FN:23,(anonymous_0)
FN:154,(anonymous_1)
FN:159,(anonymous_2)
FN:164,(anonymous_3)
FN:177,(anonymous_4)
FN:179,(anonymous_5)
FN:182,(anonymous_6)
FN:194,(anonymous_7)
FN:199,(anonymous_8)
FN:208,(anonymous_9)
FN:214,(anonymous_10)
FN:232,(anonymous_11)
FN:237,(anonymous_12)
FNF:13
FNH:9
FNDA:239,(anonymous_0)
FNDA:47,(anonymous_1)
FNDA:47,(anonymous_2)
FNDA:249,(anonymous_3)
FNDA:249,(anonymous_4)
FNDA:72,(anonymous_5)
FNDA:0,(anonymous_6)
FNDA:33,(anonymous_7)
FNDA:0,(anonymous_8)
FNDA:0,(anonymous_9)
FNDA:2,(anonymous_10)
FNDA:0,(anonymous_11)
FNDA:1,(anonymous_12)
DA:1,11
DA:3,11
DA:24,239
DA:133,11
DA:134,11
DA:135,11
DA:136,11
DA:137,11
DA:138,11
DA:139,11
DA:140,11
DA:141,11
DA:142,11
DA:143,11
DA:144,11
DA:147,11
DA:154,11
DA:155,47
DA:159,11
DA:160,47
DA:164,11
DA:165,249
DA:166,236
DA:173,249
DA:177,11
DA:178,249
DA:179,72
DA:180,72
DA:182,0
DA:183,0
DA:185,72
DA:187,0
DA:190,249
DA:194,11
DA:195,33
DA:199,11
DA:200,0
DA:201,0
DA:202,0
DA:204,0
DA:208,11
DA:209,0
DA:210,0
DA:214,11
DA:215,2
DA:228,2
DA:232,11
DA:233,0
DA:237,11
DA:238,1
DA:244,11
LF:51
LH:41
BRDA:160,0,0,47
BRDA:160,0,1,46
BRDA:165,1,0,236
BRDA:165,1,1,13
BRDA:165,2,0,249
BRDA:165,2,1,236
BRDA:178,3,0,72
BRDA:178,3,1,177
BRDA:178,4,0,249
BRDA:178,4,1,249
BRDA:180,5,0,0
BRDA:180,5,1,72
BRDA:185,6,0,0
BRDA:185,6,1,72
BRDA:200,7,0,0
BRDA:200,7,1,0
BRDA:214,8,0,0
BRDA:232,9,0,0
BRDA:237,10,0,0
BRF:19
BRH:12
end_of_record
TN:
SF:src\models\roleRequestModel.js
FN:74,(anonymous_0)
FN:79,(anonymous_1)
FN:84,(anonymous_2)
FN:89,(anonymous_3)
FN:94,(anonymous_4)
FN:111,(anonymous_5)
FN:120,(anonymous_6)
FN:129,(anonymous_7)
FN:137,(anonymous_8)
FN:145,(anonymous_9)
FNF:10
FNH:0
FNDA:0,(anonymous_0)
FNDA:0,(anonymous_1)
FNDA:0,(anonymous_2)
FNDA:0,(anonymous_3)
FNDA:0,(anonymous_4)
FNDA:0,(anonymous_5)
FNDA:0,(anonymous_6)
FNDA:0,(anonymous_7)
FNDA:0,(anonymous_8)
FNDA:0,(anonymous_9)
DA:1,11
DA:3,11
DA:57,11
DA:58,11
DA:59,11
DA:60,11
DA:61,11
DA:64,11
DA:74,11
DA:75,0
DA:79,11
DA:80,0
DA:84,11
DA:85,0
DA:89,11
DA:90,0
DA:94,11
DA:95,0
DA:96,0
DA:102,0
DA:103,0
DA:107,0
DA:111,11
DA:112,0
DA:113,0
DA:114,0
DA:115,0
DA:116,0
DA:120,11
DA:121,0
DA:122,0
DA:123,0
DA:124,0
DA:125,0
DA:129,11
DA:130,0
DA:137,11
DA:138,0
DA:145,11
DA:146,0
DA:156,11
LF:41
LH:19
BRDA:95,0,0,0
BRDA:95,0,1,0
BRDA:95,1,0,0
BRDA:95,1,1,0
BRDA:102,2,0,0
BRDA:102,2,1,0
BRDA:111,3,0,0
BRDA:120,4,0,0
BRDA:129,5,0,0
BRDA:133,6,0,0
BRDA:133,6,1,0
BRDA:137,7,0,0
BRDA:141,8,0,0
BRDA:141,8,1,0
BRF:14
BRH:0
end_of_record
TN:
SF:src\models\userModel.js
FN:69,(anonymous_0)
FN:74,(anonymous_1)
FN:89,(anonymous_2)
FN:98,(anonymous_3)
FN:118,(anonymous_4)
FN:125,(anonymous_5)
FN:133,(anonymous_6)
FNF:7
FNH:6
FNDA:454,(anonymous_0)
FNDA:244,(anonymous_1)
FNDA:210,(anonymous_2)
FNDA:1,(anonymous_3)
FNDA:0,(anonymous_4)
FNDA:209,(anonymous_5)
FNDA:210,(anonymous_6)
DA:1,11
DA:2,11
DA:4,11
DA:62,11
DA:63,11
DA:64,11
DA:65,11
DA:66,11
DA:69,11
DA:70,454
DA:74,11
DA:76,244
DA:78,244
DA:80,244
DA:81,244
DA:82,244
DA:84,0
DA:89,11
DA:90,210
DA:91,210
DA:93,0
DA:98,11
DA:100,1
DA:101,0
DA:107,1
DA:110,1
DA:111,0
DA:114,1
DA:118,11
DA:119,0
DA:125,11
DA:126,209
DA:133,11
DA:134,210
DA:135,210
DA:136,210
DA:137,210
DA:138,210
DA:141,11
LF:39
LH:34
BRDA:70,0,0,454
BRDA:70,0,1,0
BRDA:76,1,0,0
BRDA:76,1,1,244
BRDA:100,2,0,0
BRDA:100,2,1,1
BRDA:100,3,0,1
BRDA:100,3,1,0
BRDA:110,4,0,0
BRDA:110,4,1,1
BRDA:110,5,0,1
BRDA:110,5,1,0
BRF:12
BRH:6
end_of_record
TN:
SF:src\routes\cart.Routes.js
FNF:0
FNH:0
DA:1,11
DA:2,11
DA:3,11
DA:4,11
DA:5,11
DA:16,11
DA:19,11
DA:22,11
DA:27,11
DA:32,11
DA:37,11
DA:42,11
DA:47,11
DA:52,11
DA:57,11
DA:62,11
LF:16
LH:16
BRF:0
BRH:0
end_of_record
TN:
SF:src\routes\chat.Routes.js
FNF:0
FNH:0
DA:1,11
DA:2,11
DA:3,11
DA:4,11
DA:5,11
DA:6,11
DA:9,11
DA:12,11
DA:13,11
DA:14,11
DA:15,11
DA:16,11
DA:17,11
DA:18,11
DA:19,11
DA:20,11
DA:23,11
DA:29,11
DA:35,11
DA:41,11
DA:47,11
DA:53,11
LF:22
LH:22
BRF:0
BRH:0
end_of_record
TN:
SF:src\routes\coupon.Routes.js
FNF:0
FNH:0
DA:1,11
DA:2,11
DA:3,11
DA:4,11
DA:5,11
DA:6,11
DA:9,11
DA:12,11
DA:13,11
DA:14,11
DA:15,11
DA:18,11
DA:24,11
DA:30,11
DA:36,11
DA:42,11
DA:48,11
DA:54,11
DA:60,11
LF:19
LH:19
BRF:0
BRH:0
end_of_record
TN:
SF:src\routes\dashboard.Routes.js
FN:15,(anonymous_0)
FN:40,(anonymous_1)
FN:58,(anonymous_2)
FN:76,(anonymous_3)
FN:93,(anonymous_4)
FNF:5
FNH:5
FNDA:1,(anonymous_0)
FNDA:1,(anonymous_1)
FNDA:1,(anonymous_2)
FNDA:1,(anonymous_3)
FNDA:1,(anonymous_4)
DA:1,11
DA:2,11
DA:3,11
DA:4,11
DA:5,11
DA:6,11
DA:9,11
DA:10,11
DA:13,11
DA:16,1
DA:19,1
DA:30,1
DA:32,0
DA:38,11
DA:41,1
DA:42,1
DA:46,1
DA:48,1
DA:50,0
DA:56,11
DA:59,1
DA:60,1
DA:64,1
DA:66,1
DA:68,0
DA:74,11
DA:77,1
DA:78,1
DA:81,1
DA:83,1
DA:85,0
DA:91,11
DA:94,1
DA:95,1
DA:98,1
DA:100,1
DA:102,0
DA:107,11
LF:38
LH:33
BRDA:42,0,0,1
BRDA:42,0,1,1
BRDA:60,1,0,1
BRDA:60,1,1,1
BRDA:78,2,0,1
BRDA:78,2,1,1
BRDA:95,3,0,1
BRDA:95,3,1,1
BRF:8
BRH:8
end_of_record
TN:
SF:src\routes\event.Routes.js
FNF:0
FNH:0
DA:2,11
DA:3,11
DA:4,11
DA:5,11
DA:6,11
DA:7,11
DA:21,11
DA:24,11
DA:29,11
DA:34,11
DA:39,11
DA:45,11
DA:51,11
DA:58,11
DA:66,11
DA:74,11
DA:81,11
DA:87,11
LF:18
LH:18
BRF:0
BRH:0
end_of_record
TN:
SF:src\routes\inventory.Routes.js
FNF:0
FNH:0
DA:1,11
DA:2,11
DA:3,11
DA:4,11
DA:5,11
DA:8,11
DA:11,11
DA:12,11
DA:13,11
DA:14,11
DA:15,11
DA:16,11
DA:19,11
DA:24,11
DA:29,11
LF:15
LH:15
BRF:0
BRH:0
end_of_record
TN:
SF:src\routes\order.Routes.js
FN:62,(anonymous_0)
FNF:1
FNH:0
FNDA:0,(anonymous_0)
DA:1,11
DA:2,11
DA:3,11
DA:4,11
DA:5,11
DA:6,11
DA:16,11
DA:19,11
DA:22,11
DA:28,11
DA:34,11
DA:40,11
DA:47,11
DA:54,11
DA:60,11
DA:63,0
DA:64,0
DA:68,0
DA:70,0
DA:72,0
DA:77,11
LF:21
LH:16
BRDA:64,0,0,0
BRDA:64,0,1,0
BRF:2
BRH:0
end_of_record
TN:
SF:src\routes\payment.Routes.js
FN:30,(anonymous_0)
FN:91,(anonymous_1)
FNF:2
FNH:2
FNDA:15,(anonymous_0)
FNDA:2,(anonymous_1)
DA:1,11
DA:2,11
DA:3,11
DA:4,11
DA:5,11
DA:6,11
DA:7,11
DA:21,11
DA:24,11
DA:30,11
DA:31,15
DA:32,0
DA:34,15
DA:38,11
DA:44,11
DA:49,11
DA:54,11
DA:59,11
DA:64,11
DA:69,11
DA:74,11
DA:80,11
DA:87,11
DA:88,11
DA:92,2
DA:93,2
DA:96,2
DA:123,2
DA:129,2
DA:131,2
DA:133,0
DA:139,11
LF:32
LH:30
BRDA:31,0,0,0
BRDA:31,0,1,15
BRDA:31,1,0,15
BRDA:31,1,1,15
BRDA:87,2,0,11
BRDA:87,2,1,0
BRDA:87,3,0,11
BRDA:87,3,1,11
BRDA:125,4,0,2
BRDA:125,4,1,0
BRF:10
BRH:7
end_of_record
TN:
SF:src\routes\product.Routes.js
FN:47,(anonymous_0)
FN:56,(anonymous_1)
FNF:2
FNH:1
FNDA:0,(anonymous_0)
FNDA:2,(anonymous_1)
DA:1,11
DA:2,11
DA:3,11
DA:4,11
DA:5,11
DA:6,11
DA:7,11
DA:8,11
DA:9,11
DA:22,11
DA:25,11
DA:30,11
DA:35,11
DA:40,11
DA:45,11
DA:48,0
DA:49,0
DA:54,11
DA:57,2
DA:58,2
DA:62,2
DA:64,2
DA:66,0
DA:71,11
DA:77,11
DA:88,11
DA:99,11
DA:106,11
DA:112,11
LF:29
LH:26
BRDA:58,0,0,2
BRDA:58,0,1,1
BRF:2
BRH:2
end_of_record
TN:
SF:src\routes\review.Routes.js
FNF:0
FNH:0
DA:1,11
DA:2,11
DA:3,11
DA:4,11
DA:5,11
DA:6,11
DA:9,11
DA:12,11
DA:13,11
DA:14,11
DA:15,11
DA:16,11
DA:17,11
DA:18,11
DA:19,11
DA:20,11
DA:23,11
DA:29,11
DA:35,11
DA:41,11
DA:47,11
LF:21
LH:21
BRF:0
BRH:0
end_of_record
TN:
SF:src\routes\user.Routes.js
FNF:0
FNH:0
DA:2,11
DA:3,11
DA:4,11
DA:5,11
DA:6,11
DA:7,11
DA:20,11
DA:26,11
DA:29,11
DA:35,11
DA:42,11
DA:47,11
DA:54,11
DA:62,11
DA:68,11
DA:76,11
DA:83,11
DA:90,11
DA:96,11
DA:104,11
DA:112,11
DA:118,11
DA:124,11
LF:23
LH:23
BRF:0
BRH:0
end_of_record
TN:
SF:src\scripts\seed.js
FN:189,seedUsers
FN:220,seedProducts
FN:260,seedDatabase
FN:297,needsSeeding
FNF:4
FNH:4
FNDA:8,seedUsers
FNDA:8,seedProducts
FNDA:8,seedDatabase
FNDA:10,needsSeeding
DA:1,11
DA:2,11
DA:3,11
DA:4,11
DA:10,11
DA:36,11
DA:190,8
DA:191,8
DA:193,8
DA:194,16
DA:201,16
DA:203,13
DA:205,13
DA:206,13
DA:208,3
DA:212,8
DA:214,0
DA:215,0
DA:221,8
DA:222,8
DA:225,8
DA:226,8
DA:227,0
DA:228,0
DA:231,8
DA:232,72
DA:239,72
DA:240,72
DA:245,72
DA:246,72
DA:248,0
DA:252,8
DA:254,0
DA:255,0
DA:261,8
DA:262,8
DA:265,8
DA:266,0
DA:267,0
DA:271,8
DA:272,8
DA:275,8
DA:278,8
DA:280,8
DA:283,8
DA:284,8
DA:286,8
DA:287,8
DA:288,8
DA:291,0
DA:292,0
DA:298,10
DA:300,10
DA:301,0
DA:305,10
DA:306,10
DA:308,10
DA:309,10
DA:312,10
DA:314,0
DA:315,0
DA:319,11
LF:62
LH:48
BRDA:201,0,0,13
BRDA:201,0,1,3
BRDA:226,1,0,0
BRDA:226,1,1,8
BRDA:239,2,0,72
BRDA:239,2,1,0
BRDA:265,3,0,0
BRDA:265,3,1,8
BRDA:300,4,0,0
BRDA:300,4,1,10
BRDA:312,5,0,10
BRDA:312,5,1,3
BRF:12
BRH:8
end_of_record
TN:
SF:src\services\cartService.js
FN:11,(anonymous_0)
FN:46,(anonymous_1)
FN:103,(anonymous_2)
FN:159,(anonymous_3)
FN:196,(anonymous_4)
FN:221,(anonymous_5)
FN:253,(anonymous_6)
FN:290,(anonymous_7)
FN:312,(anonymous_8)
FNF:9
FNH:5
FNDA:1,(anonymous_0)
FNDA:15,(anonymous_1)
FNDA:3,(anonymous_2)
FNDA:2,(anonymous_3)
FNDA:0,(anonymous_4)
FNDA:0,(anonymous_5)
FNDA:1,(anonymous_6)
FNDA:0,(anonymous_7)
FNDA:0,(anonymous_8)
DA:1,11
DA:2,11
DA:3,11
DA:12,1
DA:13,1
DA:15,1
DA:17,1
DA:21,1
DA:26,1
DA:32,1
DA:34,0
DA:35,0
DA:47,15
DA:49,15
DA:50,15
DA:51,1
DA:54,14
DA:55,0
DA:58,14
DA:59,1
DA:63,13
DA:64,13
DA:65,9
DA:69,13
DA:72,12
DA:77,12
DA:84,12
DA:86,3
DA:92,3
DA:104,3
DA:105,3
DA:106,3
DA:107,0
DA:110,3
DA:112,1
DA:115,2
DA:116,2
DA:117,0
DA:120,2
DA:121,0
DA:125,2
DA:129,2
DA:134,2
DA:141,2
DA:143,1
DA:149,1
DA:160,2
DA:161,2
DA:162,2
DA:163,0
DA:166,2
DA:169,2
DA:174,2
DA:180,2
DA:182,0
DA:187,0
DA:197,0
DA:198,0
DA:199,0
DA:200,0
DA:203,0
DA:205,0
DA:209,0
DA:211,0
DA:212,0
DA:222,0
DA:223,0
DA:224,0
DA:225,0
DA:228,0
DA:230,0
DA:235,0
DA:240,0
DA:244,0
DA:254,1
DA:255,1
DA:256,1
DA:257,1
DA:264,0
DA:271,0
DA:276,0
DA:278,0
DA:282,0
DA:291,0
DA:292,0
DA:297,0
DA:301,0
DA:303,0
DA:304,0
DA:313,0
DA:314,0
DA:324,0
DA:328,0
DA:330,0
DA:331,0
DA:336,11
LF:96
LH:52
BRDA:15,0,0,1
BRDA:15,0,1,0
BRDA:46,1,0,0
BRDA:50,2,0,1
BRDA:50,2,1,14
BRDA:54,3,0,0
BRDA:54,3,1,14
BRDA:58,4,0,1
BRDA:58,4,1,13
BRDA:64,5,0,9
BRDA:64,5,1,4
BRDA:106,6,0,0
BRDA:106,6,1,3
BRDA:110,7,0,1
BRDA:110,7,1,2
BRDA:116,8,0,0
BRDA:116,8,1,2
BRDA:116,9,0,2
BRDA:116,9,1,2
BRDA:120,10,0,0
BRDA:120,10,1,2
BRDA:162,11,0,0
BRDA:162,11,1,2
BRDA:199,12,0,0
BRDA:199,12,1,0
BRDA:224,13,0,0
BRDA:224,13,1,0
BRDA:256,14,0,1
BRDA:256,14,1,0
BRF:29
BRH:17
end_of_record
TN:
SF:src\services\chatService.js
FN:10,(anonymous_0)
FN:45,(anonymous_1)
FN:62,(anonymous_2)
FN:76,(anonymous_3)
FN:103,(anonymous_4)
FN:115,(anonymous_5)
FN:138,(anonymous_6)
FN:162,(anonymous_7)
FN:174,(anonymous_8)
FN:203,(anonymous_9)
FN:248,(anonymous_10)
FN:282,(anonymous_11)
FN:299,(anonymous_12)
FN:320,(anonymous_13)
FN:340,(anonymous_14)
FN:357,(anonymous_15)
FN:383,(anonymous_16)
FNF:17
FNH:0
FNDA:0,(anonymous_0)
FNDA:0,(anonymous_1)
FNDA:0,(anonymous_2)
FNDA:0,(anonymous_3)
FNDA:0,(anonymous_4)
FNDA:0,(anonymous_5)
FNDA:0,(anonymous_6)
FNDA:0,(anonymous_7)
FNDA:0,(anonymous_8)
FNDA:0,(anonymous_9)
FNDA:0,(anonymous_10)
FNDA:0,(anonymous_11)
FNDA:0,(anonymous_12)
FNDA:0,(anonymous_13)
FNDA:0,(anonymous_14)
FNDA:0,(anonymous_15)
FNDA:0,(anonymous_16)
DA:1,11
DA:2,11
DA:3,11
DA:4,11
DA:11,0
DA:12,0
DA:22,0
DA:25,0
DA:27,0
DA:32,0
DA:37,0
DA:38,0
DA:46,0
DA:47,0
DA:49,0
DA:54,0
DA:55,0
DA:63,0
DA:64,0
DA:68,0
DA:69,0
DA:76,0
DA:77,0
DA:80,0
DA:81,0
DA:88,0
DA:90,0
DA:95,0
DA:96,0
DA:104,0
DA:105,0
DA:107,0
DA:108,0
DA:115,0
DA:116,0
DA:119,0
DA:120,0
DA:126,0
DA:132,0
DA:135,0
DA:138,0
DA:139,0
DA:140,0
DA:143,0
DA:149,0
DA:154,0
DA:155,0
DA:163,0
DA:164,0
DA:166,0
DA:167,0
DA:174,0
DA:175,0
DA:178,0
DA:179,0
DA:185,0
DA:188,0
DA:190,0
DA:195,0
DA:196,0
DA:204,0
DA:205,0
DA:207,0
DA:208,0
DA:215,0
DA:216,0
DA:217,0
DA:224,0
DA:225,0
DA:228,0
DA:230,0
DA:235,0
DA:240,0
DA:241,0
DA:249,0
DA:250,0
DA:252,0
DA:253,0
DA:259,0
DA:262,0
DA:264,0
DA:269,0
DA:274,0
DA:275,0
DA:283,0
DA:284,0
DA:286,0
DA:291,0
DA:292,0
DA:300,0
DA:301,0
DA:302,0
DA:304,0
DA:312,0
DA:313,0
DA:321,0
DA:322,0
DA:329,0
DA:330,0
DA:332,0
DA:333,0
DA:341,0
DA:342,0
DA:344,0
DA:349,0
DA:350,0
DA:358,0
DA:359,0
DA:361,0
DA:362,0
DA:368,0
DA:370,0
DA:375,0
DA:376,0
DA:384,0
DA:385,0
DA:387,0
DA:388,0
DA:395,0
DA:396,0
DA:402,0
DA:404,0
DA:409,0
DA:410,0
DA:415,11
LF:125
LH:5
BRDA:68,0,0,0
BRDA:68,0,1,0
BRDA:80,1,0,0
BRDA:80,1,1,0
BRDA:107,2,0,0
BRDA:107,2,1,0
BRDA:119,3,0,0
BRDA:119,3,1,0
BRDA:138,4,0,0
BRDA:138,4,1,0
BRDA:138,5,0,0
BRDA:138,5,1,0
BRDA:138,6,0,0
BRDA:138,6,1,0
BRDA:162,7,0,0
BRDA:166,8,0,0
BRDA:166,8,1,0
BRDA:178,9,0,0
BRDA:178,9,1,0
BRDA:207,10,0,0
BRDA:207,10,1,0
BRDA:216,11,0,0
BRDA:216,11,1,0
BRDA:216,12,0,0
BRDA:216,12,1,0
BRDA:248,13,0,0
BRDA:252,14,0,0
BRDA:252,14,1,0
BRDA:299,15,0,0
BRDA:361,16,0,0
BRDA:361,16,1,0
BRDA:387,17,0,0
BRDA:387,17,1,0
BRDA:395,18,0,0
BRDA:395,18,1,0
BRF:35
BRH:0
end_of_record
TN:
SF:src\services\couponService.js
FN:9,(anonymous_0)
FN:40,(anonymous_1)
FN:92,(anonymous_2)
FN:137,(anonymous_3)
FN:166,(anonymous_4)
FN:193,(anonymous_5)
FN:212,(anonymous_6)
FN:238,(anonymous_7)
FN:270,(anonymous_8)
FN:287,(anonymous_9)
FN:304,(anonymous_10)
FN:309,(anonymous_11)
FNF:12
FNH:0
FNDA:0,(anonymous_0)
FNDA:0,(anonymous_1)
FNDA:0,(anonymous_2)
FNDA:0,(anonymous_3)
FNDA:0,(anonymous_4)
FNDA:0,(anonymous_5)
FNDA:0,(anonymous_6)
FNDA:0,(anonymous_7)
FNDA:0,(anonymous_8)
FNDA:0,(anonymous_9)
FNDA:0,(anonymous_10)
FNDA:0,(anonymous_11)
DA:1,11
DA:2,11
DA:3,11
DA:10,0
DA:11,0
DA:16,0
DA:18,0
DA:24,0
DA:29,0
DA:30,0
DA:32,0
DA:33,0
DA:41,0
DA:42,0
DA:44,0
DA:45,0
DA:52,0
DA:53,0
DA:54,0
DA:61,0
DA:62,0
DA:63,0
DA:70,0
DA:72,0
DA:84,0
DA:85,0
DA:93,0
DA:94,0
DA:96,0
DA:97,0
DA:101,0
DA:110,0
DA:113,0
DA:114,0
DA:116,0
DA:123,0
DA:129,0
DA:130,0
DA:138,0
DA:139,0
DA:141,0
DA:142,0
DA:145,0
DA:146,0
DA:149,0
DA:153,0
DA:158,0
DA:159,0
DA:167,0
DA:168,0
DA:173,0
DA:174,0
DA:180,0
DA:185,0
DA:186,0
DA:194,0
DA:195,0
DA:197,0
DA:198,0
DA:205,0
DA:212,0
DA:213,0
DA:214,0
DA:218,0
DA:220,0
DA:225,0
DA:230,0
DA:231,0
DA:239,0
DA:240,0
DA:242,0
DA:243,0
DA:249,0
DA:250,0
DA:252,0
DA:257,0
DA:262,0
DA:263,0
DA:271,0
DA:272,0
DA:274,0
DA:279,0
DA:280,0
DA:288,0
DA:289,0
DA:291,0
DA:296,0
DA:297,0
DA:305,0
DA:306,0
DA:309,0
DA:310,0
DA:311,0
DA:313,0
DA:316,0
DA:321,0
DA:322,0
DA:327,11
LF:98
LH:4
BRDA:29,0,0,0
BRDA:29,0,1,0
BRDA:44,1,0,0
BRDA:44,1,1,0
BRDA:53,2,0,0
BRDA:53,2,1,0
BRDA:62,3,0,0
BRDA:62,3,1,0
BRDA:96,4,0,0
BRDA:96,4,1,0
BRDA:137,5,0,0
BRDA:141,6,0,0
BRDA:141,6,1,0
BRDA:145,7,0,0
BRDA:145,7,1,0
BRDA:173,8,0,0
BRDA:173,8,1,0
BRDA:197,9,0,0
BRDA:197,9,1,0
BRDA:213,10,0,0
BRDA:213,10,1,0
BRDA:242,11,0,0
BRDA:242,11,1,0
BRDA:270,12,0,0
BRDA:270,13,0,0
BRDA:287,14,0,0
BRDA:310,15,0,0
BRDA:310,15,1,0
BRF:28
BRH:0
end_of_record
TN:
SF:src\services\emailService.js
FN:9,(anonymous_0)
FN:19,(anonymous_1)
FN:36,(anonymous_2)
FN:53,(anonymous_3)
FN:80,(anonymous_4)
FN:129,(anonymous_5)
FN:179,(anonymous_6)
FN:211,(anonymous_7)
FNF:8
FNH:6
FNDA:11,(anonymous_0)
FNDA:11,(anonymous_1)
FNDA:10,(anonymous_2)
FNDA:11,(anonymous_3)
FNDA:3,(anonymous_4)
FNDA:1,(anonymous_5)
FNDA:0,(anonymous_6)
FNDA:0,(anonymous_7)
DA:1,11
DA:2,11
DA:3,11
DA:4,11
DA:5,11
DA:6,11
DA:10,11
DA:11,11
DA:12,11
DA:13,11
DA:20,11
DA:22,11
DA:36,11
DA:37,10
DA:38,10
DA:39,10
DA:41,0
DA:45,0
DA:46,0
DA:54,11
DA:55,11
DA:58,11
DA:59,11
DA:60,11
DA:61,11
DA:65,11
DA:66,11
DA:67,11
DA:68,11
DA:71,11
DA:73,0
DA:81,3
DA:82,3
DA:83,3
DA:86,0
DA:87,0
DA:88,0
DA:89,0
DA:92,0
DA:106,0
DA:113,0
DA:114,0
DA:119,0
DA:121,0
DA:122,0
DA:130,1
DA:131,1
DA:132,1
DA:135,0
DA:136,0
DA:137,0
DA:138,0
DA:141,0
DA:156,0
DA:163,0
DA:164,0
DA:169,0
DA:171,0
DA:172,0
DA:180,0
DA:181,0
DA:182,0
DA:185,0
DA:186,0
DA:194,0
DA:195,0
DA:201,0
DA:203,0
DA:204,0
DA:212,0
DA:216,11
LF:71
LH:34
BRDA:23,0,0,11
BRDA:23,0,1,0
BRDA:24,1,0,11
BRDA:24,1,1,0
BRDA:37,2,0,10
BRDA:37,2,1,0
BRDA:59,3,0,11
BRDA:59,3,1,0
BRDA:66,4,0,11
BRDA:66,4,1,0
BRDA:81,5,0,3
BRDA:81,5,1,0
BRDA:88,6,0,0
BRDA:88,6,1,0
BRDA:93,7,0,0
BRDA:93,7,1,0
BRDA:107,8,0,0
BRDA:107,8,1,0
BRDA:130,9,0,1
BRDA:130,9,1,0
BRDA:137,10,0,0
BRDA:137,10,1,0
BRDA:142,11,0,0
BRDA:142,11,1,0
BRDA:157,12,0,0
BRDA:157,12,1,0
BRDA:158,13,0,0
BRDA:158,13,1,0
BRDA:159,14,0,0
BRDA:159,14,1,0
BRDA:165,15,0,0
BRDA:165,15,1,0
BRDA:179,16,0,0
BRDA:180,17,0,0
BRDA:180,17,1,0
BRDA:187,18,0,0
BRDA:187,18,1,0
BRF:37
BRH:7
end_of_record
TN:
SF:src\services\eventService.js
FN:11,(anonymous_0)
FN:38,(anonymous_1)
FN:115,(anonymous_2)
FN:141,(anonymous_3)
FN:191,(anonymous_4)
FN:237,(anonymous_5)
FN:272,(anonymous_6)
FN:302,(anonymous_7)
FN:324,(anonymous_8)
FN:349,(anonymous_9)
FNF:10
FNH:0
FNDA:0,(anonymous_0)
FNDA:0,(anonymous_1)
FNDA:0,(anonymous_2)
FNDA:0,(anonymous_3)
FNDA:0,(anonymous_4)
FNDA:0,(anonymous_5)
FNDA:0,(anonymous_6)
FNDA:0,(anonymous_7)
FNDA:0,(anonymous_8)
FNDA:0,(anonymous_9)
DA:1,11
DA:2,11
DA:12,0
DA:13,0
DA:18,0
DA:20,0
DA:26,0
DA:28,0
DA:29,0
DA:39,0
DA:50,0
DA:53,0
DA:55,0
DA:56,0
DA:65,0
DA:66,0
DA:67,0
DA:68,0
DA:72,0
DA:75,0
DA:76,0
DA:78,0
DA:85,0
DA:87,0
DA:95,0
DA:105,0
DA:106,0
DA:116,0
DA:117,0
DA:122,0
DA:123,0
DA:126,0
DA:128,0
DA:129,0
DA:142,0
DA:143,0
DA:144,0
DA:145,0
DA:149,0
DA:150,0
DA:154,0
DA:164,0
DA:171,0
DA:173,0
DA:180,0
DA:192,0
DA:193,0
DA:194,0
DA:195,0
DA:199,0
DA:200,0
DA:204,0
DA:213,0
DA:219,0
DA:221,0
DA:227,0
DA:238,0
DA:239,0
DA:240,0
DA:241,0
DA:244,0
DA:245,0
DA:248,0
DA:250,0
DA:255,0
DA:257,0
DA:262,0
DA:273,0
DA:274,0
DA:275,0
DA:276,0
DA:279,0
DA:281,0
DA:286,0
DA:288,0
DA:293,0
DA:303,0
DA:304,0
DA:306,0
DA:311,0
DA:313,0
DA:314,0
DA:325,0
DA:326,0
DA:328,0
DA:334,0
DA:336,0
DA:341,0
DA:350,0
DA:351,0
DA:366,0
DA:371,0
DA:376,0
DA:382,0
DA:383,0
DA:388,11
LF:96
LH:3
BRDA:38,0,0,0
BRDA:41,1,0,0
BRDA:42,2,0,0
BRDA:47,3,0,0
BRDA:48,4,0,0
BRDA:49,5,0,0
BRDA:55,6,0,0
BRDA:55,6,1,0
BRDA:65,7,0,0
BRDA:65,7,1,0
BRDA:65,8,0,0
BRDA:65,8,1,0
BRDA:67,9,0,0
BRDA:67,9,1,0
BRDA:68,10,0,0
BRDA:68,10,1,0
BRDA:76,11,0,0
BRDA:76,11,1,0
BRDA:122,12,0,0
BRDA:122,12,1,0
BRDA:144,13,0,0
BRDA:144,13,1,0
BRDA:149,14,0,0
BRDA:149,14,1,0
BRDA:149,15,0,0
BRDA:149,15,1,0
BRDA:194,16,0,0
BRDA:194,16,1,0
BRDA:199,17,0,0
BRDA:199,17,1,0
BRDA:199,18,0,0
BRDA:199,18,1,0
BRDA:240,19,0,0
BRDA:240,19,1,0
BRDA:244,20,0,0
BRDA:244,20,1,0
BRDA:275,21,0,0
BRDA:275,21,1,0
BRDA:302,22,0,0
BRF:39
BRH:0
end_of_record
TN:
SF:src\services\inventoryService.js
FN:9,(anonymous_0)
FN:85,(anonymous_1)
FN:101,(anonymous_2)
FN:117,(anonymous_3)
FN:133,(anonymous_4)
FN:156,(anonymous_5)
FN:173,(anonymous_6)
FN:201,(anonymous_7)
FNF:8
FNH:1
FNDA:13,(anonymous_0)
FNDA:0,(anonymous_1)
FNDA:0,(anonymous_2)
FNDA:0,(anonymous_3)
FNDA:0,(anonymous_4)
FNDA:0,(anonymous_5)
FNDA:0,(anonymous_6)
FNDA:0,(anonymous_7)
DA:1,11
DA:2,11
DA:3,11
DA:10,13
DA:11,13
DA:12,13
DA:13,0
DA:16,13
DA:17,13
DA:20,13
DA:22,13
DA:23,13
DA:25,0
DA:26,0
DA:28,0
DA:29,0
DA:31,0
DA:32,0
DA:34,0
DA:38,13
DA:39,13
DA:42,13
DA:54,13
DA:56,13
DA:66,13
DA:77,0
DA:78,0
DA:86,0
DA:87,0
DA:88,0
DA:93,0
DA:94,0
DA:102,0
DA:103,0
DA:104,0
DA:109,0
DA:110,0
DA:118,0
DA:119,0
DA:120,0
DA:125,0
DA:126,0
DA:134,0
DA:135,0
DA:136,0
DA:137,0
DA:140,0
DA:148,0
DA:149,0
DA:157,0
DA:158,0
DA:159,0
DA:165,0
DA:166,0
DA:174,0
DA:175,0
DA:176,0
DA:177,0
DA:180,0
DA:181,0
DA:183,0
DA:193,0
DA:194,0
DA:202,0
DA:203,0
DA:212,0
DA:213,0
DA:218,11
LF:68
LH:18
BRDA:9,0,0,0
BRDA:9,1,0,0
BRDA:9,2,0,0
BRDA:12,3,0,0
BRDA:12,3,1,13
BRDA:20,4,0,13
BRDA:20,4,1,0
BRDA:20,4,2,0
BRDA:20,4,3,0
BRDA:20,4,4,0
BRDA:85,5,0,0
BRDA:101,6,0,0
BRDA:117,7,0,0
BRDA:117,8,0,0
BRDA:136,9,0,0
BRDA:136,9,1,0
BRDA:156,10,0,0
BRDA:173,11,0,0
BRDA:176,12,0,0
BRDA:176,12,1,0
BRDA:201,13,0,0
BRDA:201,14,0,0
BRF:22
BRH:2
end_of_record
TN:
SF:src\services\paymentService.js
FN:13,(anonymous_0)
FN:89,(anonymous_1)
FN:140,(anonymous_2)
FN:193,(anonymous_3)
FN:226,(anonymous_4)
FN:233,(anonymous_5)
FN:252,(anonymous_6)
FN:280,(anonymous_7)
FN:295,(anonymous_8)
FN:309,(anonymous_9)
FN:313,(anonymous_10)
FN:331,(anonymous_11)
FN:374,(anonymous_12)
FNF:13
FNH:4
FNDA:5,(anonymous_0)
FNDA:4,(anonymous_1)
FNDA:4,(anonymous_2)
FNDA:0,(anonymous_3)
FNDA:0,(anonymous_4)
FNDA:0,(anonymous_5)
FNDA:0,(anonymous_6)
FNDA:0,(anonymous_7)
FNDA:0,(anonymous_8)
FNDA:0,(anonymous_9)
FNDA:0,(anonymous_10)
FNDA:1,(anonymous_11)
FNDA:0,(anonymous_12)
DA:1,11
DA:4,11
DA:5,11
DA:6,11
DA:7,11
DA:14,5
DA:15,5
DA:18,5
DA:19,0
DA:23,5
DA:24,5
DA:30,5
DA:31,5
DA:34,5
DA:35,3
DA:37,5
DA:45,5
DA:55,0
DA:67,0
DA:74,0
DA:81,0
DA:82,0
DA:90,4
DA:92,4
DA:93,4
DA:99,4
DA:100,4
DA:101,1
DA:102,3
DA:103,0
DA:106,4
DA:116,0
DA:120,0
DA:125,0
DA:132,0
DA:133,0
DA:141,4
DA:143,4
DA:144,4
DA:149,4
DA:150,4
DA:151,4
DA:163,0
DA:174,0
DA:176,0
DA:185,0
DA:186,0
DA:194,0
DA:195,0
DA:199,0
DA:200,0
DA:203,0
DA:205,0
DA:211,0
DA:218,0
DA:219,0
DA:227,0
DA:228,0
DA:233,0
DA:244,0
DA:245,0
DA:253,0
DA:254,0
DA:256,0
DA:261,0
DA:272,0
DA:273,0
DA:281,0
DA:282,0
DA:284,0
DA:285,0
DA:287,0
DA:288,0
DA:296,0
DA:297,0
DA:302,0
DA:303,0
DA:306,0
DA:309,0
DA:310,0
DA:313,0
DA:323,0
DA:324,0
DA:332,1
DA:375,0
DA:376,0
DA:377,0
DA:378,0
DA:380,0
DA:381,0
DA:386,11
LF:91
LH:32
BRDA:1,0,0,0
BRDA:1,0,1,11
BRDA:1,1,0,11
BRDA:1,1,1,0
BRDA:15,2,0,0
BRDA:15,3,0,0
BRDA:18,4,0,0
BRDA:18,4,1,5
BRDA:18,5,0,5
BRDA:18,5,1,5
BRDA:23,6,0,5
BRDA:23,6,1,0
BRDA:34,7,0,3
BRDA:34,7,1,2
BRDA:92,8,0,4
BRDA:92,8,1,0
BRDA:100,9,0,1
BRDA:100,9,1,3
BRDA:100,10,0,4
BRDA:100,10,1,4
BRDA:102,11,0,0
BRDA:102,11,1,3
BRDA:102,12,0,3
BRDA:102,12,1,3
BRDA:143,13,0,4
BRDA:143,13,1,0
BRDA:149,14,0,4
BRDA:149,14,1,0
BRDA:149,15,0,4
BRDA:149,15,1,4
BRDA:193,16,0,0
BRDA:199,17,0,0
BRDA:199,17,1,0
BRDA:295,18,0,0
BRDA:295,19,0,0
BRDA:302,20,0,0
BRDA:302,20,1,0
BRDA:310,21,0,0
BRDA:310,21,1,0
BRF:39
BRH:20
end_of_record
TN:
SF:src\services\productService.js
FN:11,(anonymous_0)
FN:57,(anonymous_1)
FN:127,(anonymous_2)
FN:151,(anonymous_3)
FN:209,(anonymous_4)
FN:244,(anonymous_5)
FN:274,(anonymous_6)
FN:299,(anonymous_7)
FN:322,(anonymous_8)
FNF:9
FNH:7
FNDA:5,(anonymous_0)
FNDA:4,(anonymous_1)
FNDA:3,(anonymous_2)
FNDA:4,(anonymous_3)
FNDA:2,(anonymous_4)
FNDA:2,(anonymous_5)
FNDA:0,(anonymous_6)
FNDA:1,(anonymous_7)
FNDA:0,(anonymous_8)
DA:1,11
DA:2,11
DA:12,5
DA:13,5
DA:16,5
DA:17,5
DA:18,0
DA:22,5
DA:36,5
DA:38,5
DA:45,5
DA:47,0
DA:48,0
DA:58,4
DA:67,4
DA:70,4
DA:72,4
DA:73,1
DA:76,4
DA:77,1
DA:85,4
DA:88,4
DA:89,4
DA:91,4
DA:97,4
DA:99,4
DA:107,4
DA:117,0
DA:118,0
DA:128,3
DA:129,3
DA:133,2
DA:134,1
DA:137,1
DA:139,2
DA:140,2
DA:152,4
DA:153,4
DA:154,4
DA:155,4
DA:157,4
DA:158,4
DA:159,1
DA:163,3
DA:164,3
DA:169,3
DA:170,0
DA:175,3
DA:185,3
DA:191,3
DA:193,1
DA:199,1
DA:210,2
DA:211,2
DA:212,2
DA:213,1
DA:217,1
DA:226,1
DA:231,1
DA:233,1
DA:234,1
DA:245,2
DA:246,2
DA:248,2
DA:249,2
DA:250,0
DA:253,2
DA:255,2
DA:261,2
DA:263,0
DA:264,0
DA:275,0
DA:276,0
DA:278,0
DA:283,0
DA:285,0
DA:290,0
DA:300,1
DA:301,1
DA:303,1
DA:308,1
DA:310,0
DA:314,0
DA:323,0
DA:324,0
DA:335,0
DA:336,0
DA:341,0
DA:347,0
DA:348,0
DA:353,11
LF:91
LH:67
BRDA:13,0,0,5
BRDA:13,1,0,5
BRDA:17,2,0,0
BRDA:17,2,1,5
BRDA:57,3,0,0
BRDA:60,4,0,0
BRDA:61,5,0,0
BRDA:64,6,0,0
BRDA:65,7,0,0
BRDA:66,8,0,0
BRDA:72,9,0,1
BRDA:72,9,1,3
BRDA:76,10,0,1
BRDA:76,10,1,3
BRDA:89,11,0,4
BRDA:89,11,1,0
BRDA:133,12,0,1
BRDA:133,12,1,1
BRDA:158,13,0,1
BRDA:158,13,1,3
BRDA:163,14,0,3
BRDA:163,14,1,0
BRDA:163,15,0,3
BRDA:163,15,1,3
BRDA:169,16,0,0
BRDA:169,16,1,3
BRDA:212,17,0,1
BRDA:212,17,1,1
BRDA:244,18,0,0
BRDA:246,19,0,0
BRDA:249,20,0,0
BRDA:249,20,1,2
BRDA:274,21,0,0
BRDA:299,22,0,0
BRDA:343,23,0,0
BRDA:343,23,1,0
BRF:36
BRH:19
end_of_record
TN:
SF:src\services\reviewService.js
FN:10,(anonymous_0)
FN:78,(anonymous_1)
FN:102,(anonymous_2)
FN:130,(anonymous_3)
FN:146,(anonymous_4)
FN:175,(anonymous_5)
FN:213,(anonymous_6)
FN:240,(anonymous_7)
FN:267,(anonymous_8)
FN:299,(anonymous_9)
FN:336,(anonymous_10)
FN:353,(anonymous_11)
FN:370,(anonymous_12)
FN:406,(anonymous_13)
FNF:14
FNH:0
FNDA:0,(anonymous_0)
FNDA:0,(anonymous_1)
FNDA:0,(anonymous_2)
FNDA:0,(anonymous_3)
FNDA:0,(anonymous_4)
FNDA:0,(anonymous_5)
FNDA:0,(anonymous_6)
FNDA:0,(anonymous_7)
FNDA:0,(anonymous_8)
FNDA:0,(anonymous_9)
FNDA:0,(anonymous_10)
FNDA:0,(anonymous_11)
FNDA:0,(anonymous_12)
FNDA:0,(anonymous_13)
DA:1,11
DA:2,11
DA:3,11
DA:4,11
DA:11,0
DA:13,0
DA:20,0
DA:21,0
DA:28,0
DA:34,0
DA:35,0
DA:41,0
DA:47,0
DA:50,0
DA:52,0
DA:59,0
DA:64,0
DA:65,0
DA:70,0
DA:71,0
DA:79,0
DA:80,0
DA:81,0
DA:83,0
DA:94,0
DA:95,0
DA:103,0
DA:104,0
DA:110,0
DA:111,0
DA:117,0
DA:122,0
DA:123,0
DA:131,0
DA:132,0
DA:137,0
DA:138,0
DA:145,0
DA:146,0
DA:147,0
DA:148,0
DA:152,0
DA:155,0
DA:157,0
DA:162,0
DA:167,0
DA:168,0
DA:176,0
DA:177,0
DA:182,0
DA:183,0
DA:189,0
DA:190,0
DA:193,0
DA:195,0
DA:200,0
DA:205,0
DA:206,0
DA:214,0
DA:215,0
DA:217,0
DA:218,0
DA:224,0
DA:226,0
DA:232,0
DA:233,0
DA:241,0
DA:242,0
DA:244,0
DA:245,0
DA:251,0
DA:253,0
DA:259,0
DA:260,0
DA:268,0
DA:269,0
DA:271,0
DA:272,0
DA:278,0
DA:280,0
DA:285,0
DA:286,0
DA:291,0
DA:292,0
DA:300,0
DA:301,0
DA:303,0
DA:304,0
DA:310,0
DA:316,0
DA:318,0
DA:323,0
DA:328,0
DA:329,0
DA:337,0
DA:338,0
DA:340,0
DA:345,0
DA:346,0
DA:354,0
DA:355,0
DA:357,0
DA:362,0
DA:363,0
DA:371,0
DA:372,0
DA:374,0
DA:375,0
DA:381,0
DA:382,0
DA:385,0
DA:387,0
DA:393,0
DA:398,0
DA:399,0
DA:407,0
DA:408,0
DA:409,0
DA:411,0
DA:412,0
DA:419,0
DA:424,11
LF:122
LH:5
BRDA:20,0,0,0
BRDA:20,0,1,0
BRDA:34,1,0,0
BRDA:34,1,1,0
BRDA:64,2,0,0
BRDA:64,2,1,0
BRDA:78,3,0,0
BRDA:86,4,0,0
BRDA:86,4,1,0
BRDA:110,5,0,0
BRDA:110,5,1,0
BRDA:137,6,0,0
BRDA:137,6,1,0
BRDA:147,7,0,0
BRDA:147,7,1,0
BRDA:182,8,0,0
BRDA:182,8,1,0
BRDA:217,9,0,0
BRDA:217,9,1,0
BRDA:244,10,0,0
BRDA:244,10,1,0
BRDA:271,11,0,0
BRDA:271,11,1,0
BRDA:285,12,0,0
BRDA:285,12,1,0
BRDA:303,13,0,0
BRDA:303,13,1,0
BRDA:336,14,0,0
BRDA:374,15,0,0
BRDA:374,15,1,0
BRDA:411,16,0,0
BRDA:411,16,1,0
BRF:32
BRH:0
end_of_record
TN:
SF:src\services\userService.js
FN:14,(anonymous_0)
FN:67,(anonymous_1)
FN:140,(anonymous_2)
FN:161,(anonymous_3)
FN:211,(anonymous_4)
FN:249,(anonymous_5)
FN:267,(anonymous_6)
FN:316,(anonymous_7)
FN:348,(anonymous_8)
FN:401,(anonymous_9)
FN:420,(anonymous_10)
FN:444,(anonymous_11)
FN:461,(anonymous_12)
FNF:13
FNH:6
FNDA:2,(anonymous_0)
FNDA:220,(anonymous_1)
FNDA:0,(anonymous_2)
FNDA:0,(anonymous_3)
FNDA:0,(anonymous_4)
FNDA:0,(anonymous_5)
FNDA:0,(anonymous_6)
FNDA:0,(anonymous_7)
FNDA:5,(anonymous_8)
FNDA:4,(anonymous_9)
FNDA:2,(anonymous_10)
FNDA:2,(anonymous_11)
FNDA:0,(anonymous_12)
DA:1,11
DA:2,11
DA:3,11
DA:4,11
DA:5,11
DA:6,11
DA:15,2
DA:16,2
DA:19,2
DA:23,2
DA:24,1
DA:28,1
DA:35,1
DA:38,1
DA:39,1
DA:42,0
DA:43,0
DA:47,1
DA:54,1
DA:56,1
DA:57,1
DA:68,220
DA:69,220
DA:72,220
DA:74,220
DA:75,10
DA:76,10
DA:79,210
DA:87,210
DA:88,0
DA:89,0
DA:93,210
DA:94,210
DA:96,210
DA:97,1
DA:99,1
DA:100,1
DA:104,209
DA:107,209
DA:113,209
DA:119,209
DA:125,209
DA:130,11
DA:131,11
DA:141,0
DA:142,0
DA:144,0
DA:145,0
DA:148,0
DA:150,0
DA:151,0
DA:162,0
DA:163,0
DA:166,0
DA:167,0
DA:168,0
DA:172,0
DA:173,0
DA:181,0
DA:182,0
DA:187,0
DA:193,0
DA:198,0
DA:200,0
DA:201,0
DA:212,0
DA:214,0
DA:215,0
DA:216,0
DA:220,0
DA:221,0
DA:225,0
DA:230,0
DA:232,0
DA:238,0
DA:240,0
DA:241,0
DA:250,0
DA:251,0
DA:252,0
DA:254,0
DA:255,0
DA:268,0
DA:269,0
DA:270,0
DA:271,0
DA:274,0
DA:276,0
DA:281,0
DA:283,0
DA:291,0
DA:293,0
DA:300,0
DA:302,0
DA:308,0
DA:317,0
DA:318,0
DA:327,0
DA:328,0
DA:330,0
DA:336,0
DA:337,0
DA:349,5
DA:350,5
DA:351,5
DA:354,5
DA:355,1
DA:363,5
DA:364,1
DA:367,5
DA:368,0
DA:371,5
DA:372,5
DA:378,5
DA:379,5
DA:381,5
DA:391,0
DA:392,0
DA:402,4
DA:403,4
DA:404,3
DA:405,1
DA:407,2
DA:409,2
DA:410,2
DA:421,2
DA:422,2
DA:428,2
DA:429,2
DA:432,0
DA:434,2
DA:435,2
DA:445,2
DA:446,2
DA:447,2
DA:448,1
DA:451,1
DA:452,1
DA:462,0
DA:463,0
DA:464,0
DA:465,0
DA:468,0
DA:469,0
DA:471,0
DA:473,0
DA:474,0
DA:479,11
LF:148
LH:73
BRDA:16,0,0,0
BRDA:23,1,0,1
BRDA:23,1,1,1
BRDA:42,2,0,0
BRDA:42,2,1,0
BRDA:74,3,0,10
BRDA:74,3,1,210
BRDA:87,4,0,0
BRDA:87,4,1,210
BRDA:96,5,0,1
BRDA:96,5,1,209
BRDA:144,6,0,0
BRDA:144,6,1,0
BRDA:167,7,0,0
BRDA:167,7,1,0
BRDA:172,8,0,0
BRDA:172,8,1,0
BRDA:172,9,0,0
BRDA:172,9,1,0
BRDA:176,10,0,0
BRDA:176,10,1,0
BRDA:177,11,0,0
BRDA:177,11,1,0
BRDA:181,12,0,0
BRDA:181,12,1,0
BRDA:215,13,0,0
BRDA:215,13,1,0
BRDA:220,14,0,0
BRDA:220,14,1,0
BRDA:267,15,0,0
BRDA:270,16,0,0
BRDA:270,16,1,0
BRDA:274,17,0,0
BRDA:274,17,1,0
BRDA:348,18,0,0
BRDA:348,19,0,0
BRDA:348,20,0,0
BRDA:354,21,0,1
BRDA:354,21,1,4
BRDA:363,22,0,1
BRDA:363,22,1,4
BRDA:367,23,0,0
BRDA:367,23,1,5
BRDA:404,24,0,1
BRDA:404,24,1,2
BRDA:428,25,0,2
BRDA:428,25,1,0
BRDA:447,26,0,1
BRDA:447,26,1,1
BRDA:464,27,0,0
BRDA:464,27,1,0
BRF:51
BRH:17
end_of_record
TN:
SF:src\utils\handlebarsHelpers.js
FN:4,(anonymous_0)
FN:9,(anonymous_1)
FN:14,(anonymous_2)
FN:25,(anonymous_3)
FN:33,(anonymous_4)
FN:41,(anonymous_5)
FNF:6
FNH:0
FNDA:0,(anonymous_0)
FNDA:0,(anonymous_1)
FNDA:0,(anonymous_2)
FNDA:0,(anonymous_3)
FNDA:0,(anonymous_4)
FNDA:0,(anonymous_5)
DA:1,11
DA:4,11
DA:5,0
DA:9,11
DA:10,0
DA:14,11
DA:15,0
DA:25,11
DA:26,0
DA:33,11
DA:34,0
DA:35,0
DA:37,0
DA:41,11
DA:42,0
DA:43,0
DA:45,0
DA:48,11
LF:18
LH:8
BRDA:34,0,0,0
BRDA:34,0,1,0
BRDA:42,1,0,0
BRDA:42,1,1,0
BRDA:42,2,0,0
BRDA:42,2,1,0
BRF:6
BRH:0
end_of_record
TN:
SF:src\utils\logger.js
FN:48,(anonymous_0)
FN:60,(anonymous_1)
FNF:2
FNH:1
FNDA:0,(anonymous_0)
FNDA:29,(anonymous_1)
DA:1,11
DA:2,11
DA:5,11
DA:15,11
DA:25,11
DA:26,0
DA:40,11
DA:48,11
DA:49,0
DA:60,11
DA:61,29
DA:67,29
DA:68,29
DA:76,29
DA:79,11
LF:15
LH:13
BRDA:25,0,0,0
BRDA:25,0,1,11
BRDA:60,1,0,0
BRDA:67,2,0,29
BRDA:67,2,1,0
BRF:5
BRH:2
end_of_record
TN:
SF:src\utils\response.js
FN:12,(anonymous_0)
FN:30,(anonymous_1)
FN:46,(anonymous_2)
FN:55,(anonymous_3)
FN:64,(anonymous_4)
FN:73,(anonymous_5)
FN:82,(anonymous_6)
FN:92,(anonymous_7)
FN:102,(anonymous_8)
FN:111,(anonymous_9)
FNF:10
FNH:7
FNDA:295,(anonymous_0)
FNDA:28,(anonymous_1)
FNDA:0,(anonymous_2)
FNDA:9,(anonymous_3)
FNDA:12,(anonymous_4)
FNDA:0,(anonymous_5)
FNDA:0,(anonymous_6)
FNDA:6,(anonymous_7)
FNDA:3,(anonymous_8)
FNDA:1,(anonymous_9)
DA:13,295
DA:20,295
DA:31,28
DA:38,28
DA:47,0
DA:56,9
DA:65,12
DA:74,0
DA:83,0
DA:93,6
DA:103,3
DA:112,1
DA:116,11
LF:13
LH:10
BRDA:12,0,0,0
BRDA:12,1,0,0
BRDA:12,2,0,275
BRDA:17,3,0,295
BRDA:17,3,1,293
BRDA:30,4,0,0
BRDA:30,5,0,0
BRDA:30,6,0,28
BRDA:35,7,0,28
BRDA:35,7,1,0
BRDA:55,8,0,0
BRDA:64,9,0,0
BRDA:73,10,0,0
BRDA:82,11,0,0
BRDA:92,12,0,0
BRDA:102,13,0,0
BRDA:111,14,0,0
BRF:17
BRH:5
end_of_record
TN:
SF:src\utils\validators.js
FN:128,(anonymous_0)
FN:148,(anonymous_1)
FN:204,(anonymous_2)
FN:223,(anonymous_3)
FN:482,(anonymous_4)
FN:483,(anonymous_5)
FN:490,(anonymous_6)
FNF:7
FNH:3
FNDA:0,(anonymous_0)
FNDA:0,(anonymous_1)
FNDA:0,(anonymous_2)
FNDA:0,(anonymous_3)
FNDA:110,(anonymous_4)
FNDA:236,(anonymous_5)
FNDA:18,(anonymous_6)
DA:1,11
DA:6,11
DA:129,0
DA:130,0
DA:131,0
DA:132,0
DA:134,0
DA:136,0
DA:149,0
DA:150,0
DA:151,0
DA:152,0
DA:154,0
DA:156,0
DA:205,0
DA:206,0
DA:207,0
DA:208,0
DA:210,0
DA:212,0
DA:224,0
DA:225,0
DA:226,0
DA:227,0
DA:229,0
DA:231,0
DA:482,11
DA:483,110
DA:484,236
DA:489,236
DA:490,18
DA:495,3
DA:503,233
DA:504,233
DA:508,11
LF:35
LH:11
BRDA:131,0,0,0
BRDA:131,0,1,0
BRDA:131,1,0,0
BRDA:131,1,1,0
BRDA:151,2,0,0
BRDA:151,2,1,0
BRDA:151,3,0,0
BRDA:151,3,1,0
BRDA:207,4,0,0
BRDA:207,4,1,0
BRDA:207,5,0,0
BRDA:207,5,1,0
BRDA:226,6,0,0
BRDA:226,6,1,0
BRDA:226,7,0,0
BRDA:226,7,1,0
BRDA:482,8,0,110
BRDA:489,9,0,3
BRDA:489,9,1,233
BRF:19
BRH:3
end_of_record
